<?xml version="1.0" encoding="UTF-8"?>
<testsuites name="ts8" time="1556.923" tests="1" failures="0" errors="0">
   <testsuite name="ts8" tests="1" failures="0" errors="0" time="1556.923" skipped="0" timestamp="2022-08-09 13:39:35" hostname="pc - DESKTOP-1IRFQ4R" id="Test Suites/ts8">
      <properties>
         <property name="deviceName" value=""/>
         <property name="devicePlatform" value=""/>
         <property name="logFolder" value="C:\\Users\\pc\\Katalon Studio\\Nithin\\Reports\\20220809_133707\\ts8\\20220809_133723"/>
         <property name="logFiles" value="C:\\Users\\pc\\Katalon Studio\\Nithin\\Reports\\20220809_133707\\ts8\\20220809_133723\\execution0.log"/>
         <property name="attachments" value=""/>
         <property name="hostName" value="pc - DESKTOP-1IRFQ4R"/>
         <property name="os" value="Windows 10 64bit"/>
         <property name="katalonVersion" value="8.4.0.208"/>
         <property name="browser" value="Chrome 103.0.5060.134"/>
         <property name="hostAddress" value="192.168.1.6"/>
         <property name="sessionId" value="6853ae32106c6bf1c022d3077786605b"/>
         <property name="seleniumVersion" value="3.141.59"/>
         <property name="proxyInformation" value="ProxyInformation { proxyOption=NO_PROXY, proxyServerType=HTTP, username=, password=********, proxyServerAddress=, proxyServerPort=0, executionList=&quot;&quot;, isApplyToDesiredCapabilities=true }"/>
         <property name="platform" value="Windows 10"/>
      </properties>
      <testcase name="Test Cases/tc8" time="1553.636" classname="Test Cases/tc8" status="PASSED">
         <system-out><![CDATA[2022-08-09 13:39:38 - [TEST_CASE][PASSED] - Test Cases/tc8: Test Cases/tc8

2022-08-09 13:39:44 - [TEST_STEP][PASSED] - openBrowser(""): Browser is opened with url: ''

2022-08-09 13:39:49 - [MESSAGE][INFO] - Starting 'Chrome' driver

2022-08-09 13:39:50 - [MESSAGE][INFO] - Action delay is set to 0 milliseconds

2022-08-09 13:40:12 - [MESSAGE][PASSED] - Browser is opened with url: ''

2022-08-09 13:40:12 - [TEST_STEP][PASSED] - navigateToUrl("https://secure.robbooker.com/staging/oc_exc_popo_crosssell/?inv_campaign=MID0023398"): Navigate to 'https://secure.robbooker.com/staging/oc_exc_popo_crosssell/?inv_campaign=MID0023398' successfully

2022-08-09 13:40:19 - [MESSAGE][PASSED] - Navigate to 'https://secure.robbooker.com/staging/oc_exc_popo_crosssell/?inv_campaign=MID0023398' successfully

2022-08-09 13:40:19 - [TEST_STEP][PASSED] - setText(findTestObject("Object Repository/Page_The Exotics Club  VSL Page/input_Enter Your Email to Unlock the System_f96648"), "nith279+quiz908tc8h@yahoo.com"): Text 'nith279+quiz908tc8h@yahoo.com' is set on object 'Object Repository/Page_The Exotics Club  VSL Page/input_Enter Your Email to Unlock the System_f96648'

2022-08-09 13:40:25 - [MESSAGE][PASSED] - Text 'nith279+quiz908tc8h@yahoo.com' is set on object 'Object Repository/Page_The Exotics Club  VSL Page/input_Enter Your Email to Unlock the System_f96648'

2022-08-09 13:40:25 - [TEST_STEP][PASSED] - click(findTestObject("Object Repository/Page_The Exotics Club  VSL Page/button_Watch the Presentation")): Object: 'Object Repository/Page_The Exotics Club  VSL Page/button_Watch the Presentation' is clicked on

2022-08-09 13:40:41 - [MESSAGE][PASSED] - Object: 'Object Repository/Page_The Exotics Club  VSL Page/button_Watch the Presentation' is clicked on

2022-08-09 13:40:41 - [TEST_STEP][PASSED] - setText(findTestObject("Object Repository/Page_/input_Contact Information_fn"), "Fn"): Text 'Fn' is set on object 'Object Repository/Page_/input_Contact Information_fn'

2022-08-09 13:40:45 - [MESSAGE][PASSED] - Text 'Fn' is set on object 'Object Repository/Page_/input_Contact Information_fn'

2022-08-09 13:40:45 - [TEST_STEP][PASSED] - setText(findTestObject("Object Repository/Page_/input_Contact Information_ln"), "Ln"): Text 'Ln' is set on object 'Object Repository/Page_/input_Contact Information_ln'

2022-08-09 13:40:46 - [MESSAGE][PASSED] - Text 'Ln' is set on object 'Object Repository/Page_/input_Contact Information_ln'

2022-08-09 13:40:46 - [TEST_STEP][PASSED] - setText(findTestObject("Object Repository/Page_/input_Contact Information_phone"), "424 2"): Text '424 2' is set on object 'Object Repository/Page_/input_Contact Information_phone'

2022-08-09 13:40:50 - [MESSAGE][PASSED] - Text '424 2' is set on object 'Object Repository/Page_/input_Contact Information_phone'

2022-08-09 13:40:50 - [TEST_STEP][PASSED] - setText(findTestObject("Object Repository/Page_/input_Billing Information_street"), "Sa"): Text 'Sa' is set on object 'Object Repository/Page_/input_Billing Information_street'

2022-08-09 13:40:53 - [MESSAGE][PASSED] - Text 'Sa' is set on object 'Object Repository/Page_/input_Billing Information_street'

2022-08-09 13:40:53 - [TEST_STEP][PASSED] - setText(findTestObject("Object Repository/Page_/input_Billing Information_city"), "Cty"): Text 'Cty' is set on object 'Object Repository/Page_/input_Billing Information_city'

2022-08-09 13:40:56 - [MESSAGE][PASSED] - Text 'Cty' is set on object 'Object Repository/Page_/input_Billing Information_city'

2022-08-09 13:40:56 - [TEST_STEP][PASSED] - setText(findTestObject("Object Repository/Page_/input_Payment Information_ccno"), "4000 0037 2000 0005"): Text '4000 0037 2000 0005' is set on object 'Object Repository/Page_/input_Payment Information_ccno'

2022-08-09 13:40:58 - [MESSAGE][PASSED] - Text '4000 0037 2000 0005' is set on object 'Object Repository/Page_/input_Payment Information_ccno'

2022-08-09 13:40:58 - [TEST_STEP][PASSED] - selectOptionByValue(findTestObject("Object Repository/Page_/select_202220232024202520262027202820292030_d6720a"), "2028", true): All options with value '2028' are selected in object 'Object Repository/Page_/select_202220232024202520262027202820292030_d6720a'  using regular expression

2022-08-09 13:41:02 - [MESSAGE][PASSED] - All options with value '2028' are selected in object 'Object Repository/Page_/select_202220232024202520262027202820292030_d6720a'  using regular expression

2022-08-09 13:41:02 - [TEST_STEP][PASSED] - setText(findTestObject("Object Repository/Page_/input_Payment Information_cccode"), "123"): Text '123' is set on object 'Object Repository/Page_/input_Payment Information_cccode'

2022-08-09 13:41:03 - [MESSAGE][PASSED] - Text '123' is set on object 'Object Repository/Page_/input_Payment Information_cccode'

2022-08-09 13:41:03 - [TEST_STEP][PASSED] - setText(findTestObject("Object Repository/Page_/input_Payment Information_zip"), "32004"): Text '32004' is set on object 'Object Repository/Page_/input_Payment Information_zip'

2022-08-09 13:41:05 - [MESSAGE][PASSED] - Text '32004' is set on object 'Object Repository/Page_/input_Payment Information_zip'

2022-08-09 13:41:05 - [TEST_STEP][PASSED] - use(groovy.time.TimeCategory, { -> ... }): null

2022-08-09 13:41:05 - [TEST_STEP][PASSED] - tn = today.format("hh:mm"): null

2022-08-09 13:41:05 - [TEST_STEP][PASSED] - while (tn != "01:55"): null

2022-08-09 13:41:05 - [TEST_STEP][PASSED] - delay(1): Delayed 1 second(s)

2022-08-09 13:41:06 - [MESSAGE][PASSED] - Delayed 1 second(s)

2022-08-09 13:41:06 - [TEST_STEP][PASSED] - use(groovy.time.TimeCategory, { -> ... }): null

2022-08-09 13:41:06 - [TEST_STEP][PASSED] - nw = tnw.format("hh:mm"): null

2022-08-09 13:41:06 - [TEST_STEP][PASSED] - tn = nw: null

2022-08-09 13:41:06 - [TEST_STEP][PASSED] - if (tn == "01:55"): null

2022-08-09 13:41:06 - [TEST_STEP][PASSED] - delay(1): Delayed 1 second(s)

2022-08-09 13:41:07 - [MESSAGE][PASSED] - Delayed 1 second(s)

2022-08-09 13:41:07 - [TEST_STEP][PASSED] - use(groovy.time.TimeCategory, { -> ... }): null

2022-08-09 13:41:07 - [TEST_STEP][PASSED] - nw = tnw.format("hh:mm"): null

2022-08-09 13:41:07 - [TEST_STEP][PASSED] - tn = nw: null

2022-08-09 13:41:07 - [TEST_STEP][PASSED] - if (tn == "01:55"): null

2022-08-09 13:41:07 - [TEST_STEP][PASSED] - delay(1): Delayed 1 second(s)

2022-08-09 13:41:08 - [MESSAGE][PASSED] - Delayed 1 second(s)

2022-08-09 13:41:08 - [TEST_STEP][PASSED] - use(groovy.time.TimeCategory, { -> ... }): null

2022-08-09 13:41:08 - [TEST_STEP][PASSED] - nw = tnw.format("hh:mm"): null

2022-08-09 13:41:08 - [TEST_STEP][PASSED] - tn = nw: null

2022-08-09 13:41:08 - [TEST_STEP][PASSED] - if (tn == "01:55"): null

2022-08-09 13:41:08 - [TEST_STEP][PASSED] - delay(1): Delayed 1 second(s)

2022-08-09 13:41:09 - [MESSAGE][PASSED] - Delayed 1 second(s)

2022-08-09 13:41:09 - [TEST_STEP][PASSED] - use(groovy.time.TimeCategory, { -> ... }): null

2022-08-09 13:41:09 - [TEST_STEP][PASSED] - nw = tnw.format("hh:mm"): null

2022-08-09 13:41:09 - [TEST_STEP][PASSED] - tn = nw: null

2022-08-09 13:41:09 - [TEST_STEP][PASSED] - if (tn == "01:55"): null

2022-08-09 13:41:09 - [TEST_STEP][PASSED] - delay(1): Delayed 1 second(s)

2022-08-09 13:41:10 - [MESSAGE][PASSED] - Delayed 1 second(s)

2022-08-09 13:41:10 - [TEST_STEP][PASSED] - use(groovy.time.TimeCategory, { -> ... }): null

2022-08-09 13:41:10 - [TEST_STEP][PASSED] - nw = tnw.format("hh:mm"): null

2022-08-09 13:41:10 - [TEST_STEP][PASSED] - tn = nw: null

2022-08-09 13:41:10 - [TEST_STEP][PASSED] - if (tn == "01:55"): null

2022-08-09 13:41:10 - [TEST_STEP][PASSED] - delay(1): Delayed 1 second(s)

2022-08-09 13:41:11 - [MESSAGE][PASSED] - Delayed 1 second(s)

2022-08-09 13:41:11 - [TEST_STEP][PASSED] - use(groovy.time.TimeCategory, { -> ... }): null

2022-08-09 13:41:11 - [TEST_STEP][PASSED] - nw = tnw.format("hh:mm"): null

2022-08-09 13:41:11 - [TEST_STEP][PASSED] - tn = nw: null

2022-08-09 13:41:11 - [TEST_STEP][PASSED] - if (tn == "01:55"): null

2022-08-09 13:41:11 - [TEST_STEP][PASSED] - delay(1): Delayed 1 second(s)

2022-08-09 13:41:13 - [MESSAGE][PASSED] - Delayed 1 second(s)

2022-08-09 13:41:13 - [TEST_STEP][PASSED] - use(groovy.time.TimeCategory, { -> ... }): null

2022-08-09 13:41:13 - [TEST_STEP][PASSED] - nw = tnw.format("hh:mm"): null

2022-08-09 13:41:13 - [TEST_STEP][PASSED] - tn = nw: null

2022-08-09 13:41:13 - [TEST_STEP][PASSED] - if (tn == "01:55"): null

2022-08-09 13:41:13 - [TEST_STEP][PASSED] - delay(1): Delayed 1 second(s)

2022-08-09 13:41:14 - [MESSAGE][PASSED] - Delayed 1 second(s)

2022-08-09 13:41:14 - [TEST_STEP][PASSED] - use(groovy.time.TimeCategory, { -> ... }): null

2022-08-09 13:41:14 - [TEST_STEP][PASSED] - nw = tnw.format("hh:mm"): null

2022-08-09 13:41:14 - [TEST_STEP][PASSED] - tn = nw: null

2022-08-09 13:41:14 - [TEST_STEP][PASSED] - if (tn == "01:55"): null

2022-08-09 13:41:14 - [TEST_STEP][PASSED] - delay(1): Delayed 1 second(s)

2022-08-09 13:41:15 - [MESSAGE][PASSED] - Delayed 1 second(s)

2022-08-09 13:41:15 - [TEST_STEP][PASSED] - use(groovy.time.TimeCategory, { -> ... }): null

2022-08-09 13:41:15 - [TEST_STEP][PASSED] - nw = tnw.format("hh:mm"): null

2022-08-09 13:41:15 - [TEST_STEP][PASSED] - tn = nw: null

2022-08-09 13:41:15 - [TEST_STEP][PASSED] - if (tn == "01:55"): null

2022-08-09 13:41:15 - [TEST_STEP][PASSED] - delay(1): Delayed 1 second(s)

2022-08-09 13:41:16 - [MESSAGE][PASSED] - Delayed 1 second(s)

2022-08-09 13:41:16 - [TEST_STEP][PASSED] - use(groovy.time.TimeCategory, { -> ... }): null

2022-08-09 13:41:16 - [TEST_STEP][PASSED] - nw = tnw.format("hh:mm"): null

2022-08-09 13:41:16 - [TEST_STEP][PASSED] - tn = nw: null

2022-08-09 13:41:16 - [TEST_STEP][PASSED] - if (tn == "01:55"): null

2022-08-09 13:41:16 - [TEST_STEP][PASSED] - delay(1): Delayed 1 second(s)

2022-08-09 13:41:17 - [MESSAGE][PASSED] - Delayed 1 second(s)

2022-08-09 13:41:17 - [TEST_STEP][PASSED] - use(groovy.time.TimeCategory, { -> ... }): null

2022-08-09 13:41:17 - [TEST_STEP][PASSED] - nw = tnw.format("hh:mm"): null

2022-08-09 13:41:17 - [TEST_STEP][PASSED] - tn = nw: null

2022-08-09 13:41:17 - [TEST_STEP][PASSED] - if (tn == "01:55"): null

2022-08-09 13:41:17 - [TEST_STEP][PASSED] - delay(1): Delayed 1 second(s)

2022-08-09 13:41:18 - [MESSAGE][PASSED] - Delayed 1 second(s)

2022-08-09 13:41:18 - [TEST_STEP][PASSED] - use(groovy.time.TimeCategory, { -> ... }): null

2022-08-09 13:41:18 - [TEST_STEP][PASSED] - nw = tnw.format("hh:mm"): null

2022-08-09 13:41:18 - [TEST_STEP][PASSED] - tn = nw: null

2022-08-09 13:41:18 - [TEST_STEP][PASSED] - if (tn == "01:55"): null

2022-08-09 13:41:18 - [TEST_STEP][PASSED] - delay(1): Delayed 1 second(s)

2022-08-09 13:41:19 - [MESSAGE][PASSED] - Delayed 1 second(s)

2022-08-09 13:41:19 - [TEST_STEP][PASSED] - use(groovy.time.TimeCategory, { -> ... }): null

2022-08-09 13:41:19 - [TEST_STEP][PASSED] - nw = tnw.format("hh:mm"): null

2022-08-09 13:41:19 - [TEST_STEP][PASSED] - tn = nw: null

2022-08-09 13:41:19 - [TEST_STEP][PASSED] - if (tn == "01:55"): null

2022-08-09 13:41:19 - [TEST_STEP][PASSED] - delay(1): Delayed 1 second(s)

2022-08-09 13:41:20 - [MESSAGE][PASSED] - Delayed 1 second(s)

2022-08-09 13:41:20 - [TEST_STEP][PASSED] - use(groovy.time.TimeCategory, { -> ... }): null

2022-08-09 13:41:20 - [TEST_STEP][PASSED] - nw = tnw.format("hh:mm"): null

2022-08-09 13:41:20 - [TEST_STEP][PASSED] - tn = nw: null

2022-08-09 13:41:20 - [TEST_STEP][PASSED] - if (tn == "01:55"): null

2022-08-09 13:41:20 - [TEST_STEP][PASSED] - delay(1): Delayed 1 second(s)

2022-08-09 13:41:21 - [MESSAGE][PASSED] - Delayed 1 second(s)

2022-08-09 13:41:21 - [TEST_STEP][PASSED] - use(groovy.time.TimeCategory, { -> ... }): null

2022-08-09 13:41:21 - [TEST_STEP][PASSED] - nw = tnw.format("hh:mm"): null

2022-08-09 13:41:21 - [TEST_STEP][PASSED] - tn = nw: null

2022-08-09 13:41:21 - [TEST_STEP][PASSED] - if (tn == "01:55"): null

2022-08-09 13:41:21 - [TEST_STEP][PASSED] - delay(1): Delayed 1 second(s)

2022-08-09 13:41:22 - [MESSAGE][PASSED] - Delayed 1 second(s)

2022-08-09 13:41:22 - [TEST_STEP][PASSED] - use(groovy.time.TimeCategory, { -> ... }): null

2022-08-09 13:41:22 - [TEST_STEP][PASSED] - nw = tnw.format("hh:mm"): null

2022-08-09 13:41:22 - [TEST_STEP][PASSED] - tn = nw: null

2022-08-09 13:41:22 - [TEST_STEP][PASSED] - if (tn == "01:55"): null

2022-08-09 13:41:22 - [TEST_STEP][PASSED] - delay(1): Delayed 1 second(s)

2022-08-09 13:41:23 - [MESSAGE][PASSED] - Delayed 1 second(s)

2022-08-09 13:41:23 - [TEST_STEP][PASSED] - use(groovy.time.TimeCategory, { -> ... }): null

2022-08-09 13:41:23 - [TEST_STEP][PASSED] - nw = tnw.format("hh:mm"): null

2022-08-09 13:41:23 - [TEST_STEP][PASSED] - tn = nw: null

2022-08-09 13:41:23 - [TEST_STEP][PASSED] - if (tn == "01:55"): null

2022-08-09 13:41:23 - [TEST_STEP][PASSED] - delay(1): Delayed 1 second(s)

2022-08-09 13:41:24 - [MESSAGE][PASSED] - Delayed 1 second(s)

2022-08-09 13:41:24 - [TEST_STEP][PASSED] - use(groovy.time.TimeCategory, { -> ... }): null

2022-08-09 13:41:24 - [TEST_STEP][PASSED] - nw = tnw.format("hh:mm"): null

2022-08-09 13:41:24 - [TEST_STEP][PASSED] - tn = nw: null

2022-08-09 13:41:24 - [TEST_STEP][PASSED] - if (tn == "01:55"): null

2022-08-09 13:41:24 - [TEST_STEP][PASSED] - delay(1): Delayed 1 second(s)

2022-08-09 13:41:25 - [MESSAGE][PASSED] - Delayed 1 second(s)

2022-08-09 13:41:25 - [TEST_STEP][PASSED] - use(groovy.time.TimeCategory, { -> ... }): null

2022-08-09 13:41:25 - [TEST_STEP][PASSED] - nw = tnw.format("hh:mm"): null

2022-08-09 13:41:25 - [TEST_STEP][PASSED] - tn = nw: null

2022-08-09 13:41:25 - [TEST_STEP][PASSED] - if (tn == "01:55"): null

2022-08-09 13:41:25 - [TEST_STEP][PASSED] - delay(1): Delayed 1 second(s)

2022-08-09 13:41:26 - [MESSAGE][PASSED] - Delayed 1 second(s)

2022-08-09 13:41:26 - [TEST_STEP][PASSED] - use(groovy.time.TimeCategory, { -> ... }): null

2022-08-09 13:41:26 - [TEST_STEP][PASSED] - nw = tnw.format("hh:mm"): null

2022-08-09 13:41:26 - [TEST_STEP][PASSED] - tn = nw: null

2022-08-09 13:41:26 - [TEST_STEP][PASSED] - if (tn == "01:55"): null

2022-08-09 13:41:26 - [TEST_STEP][PASSED] - delay(1): Delayed 1 second(s)

2022-08-09 13:41:27 - [MESSAGE][PASSED] - Delayed 1 second(s)

2022-08-09 13:41:27 - [TEST_STEP][PASSED] - use(groovy.time.TimeCategory, { -> ... }): null

2022-08-09 13:41:27 - [TEST_STEP][PASSED] - nw = tnw.format("hh:mm"): null

2022-08-09 13:41:27 - [TEST_STEP][PASSED] - tn = nw: null

2022-08-09 13:41:27 - [TEST_STEP][PASSED] - if (tn == "01:55"): null

2022-08-09 13:41:27 - [TEST_STEP][PASSED] - delay(1): Delayed 1 second(s)

2022-08-09 13:41:28 - [MESSAGE][PASSED] - Delayed 1 second(s)

2022-08-09 13:41:28 - [TEST_STEP][PASSED] - use(groovy.time.TimeCategory, { -> ... }): null

2022-08-09 13:41:28 - [TEST_STEP][PASSED] - nw = tnw.format("hh:mm"): null

2022-08-09 13:41:28 - [TEST_STEP][PASSED] - tn = nw: null

2022-08-09 13:41:28 - [TEST_STEP][PASSED] - if (tn == "01:55"): null

2022-08-09 13:41:28 - [TEST_STEP][PASSED] - delay(1): Delayed 1 second(s)

2022-08-09 13:41:29 - [MESSAGE][PASSED] - Delayed 1 second(s)

2022-08-09 13:41:29 - [TEST_STEP][PASSED] - use(groovy.time.TimeCategory, { -> ... }): null

2022-08-09 13:41:29 - [TEST_STEP][PASSED] - nw = tnw.format("hh:mm"): null

2022-08-09 13:41:29 - [TEST_STEP][PASSED] - tn = nw: null

2022-08-09 13:41:29 - [TEST_STEP][PASSED] - if (tn == "01:55"): null

2022-08-09 13:41:29 - [TEST_STEP][PASSED] - delay(1): Delayed 1 second(s)

2022-08-09 13:41:30 - [MESSAGE][PASSED] - Delayed 1 second(s)

2022-08-09 13:41:30 - [TEST_STEP][PASSED] - use(groovy.time.TimeCategory, { -> ... }): null

2022-08-09 13:41:30 - [TEST_STEP][PASSED] - nw = tnw.format("hh:mm"): null

2022-08-09 13:41:30 - [TEST_STEP][PASSED] - tn = nw: null

2022-08-09 13:41:30 - [TEST_STEP][PASSED] - if (tn == "01:55"): null

2022-08-09 13:41:30 - [TEST_STEP][PASSED] - delay(1): Delayed 1 second(s)

2022-08-09 13:41:31 - [MESSAGE][PASSED] - Delayed 1 second(s)

2022-08-09 13:41:31 - [TEST_STEP][PASSED] - use(groovy.time.TimeCategory, { -> ... }): null

2022-08-09 13:41:31 - [TEST_STEP][PASSED] - nw = tnw.format("hh:mm"): null

2022-08-09 13:41:31 - [TEST_STEP][PASSED] - tn = nw: null

2022-08-09 13:41:31 - [TEST_STEP][PASSED] - if (tn == "01:55"): null

2022-08-09 13:41:31 - [TEST_STEP][PASSED] - delay(1): Delayed 1 second(s)

2022-08-09 13:41:32 - [MESSAGE][PASSED] - Delayed 1 second(s)

2022-08-09 13:41:32 - [TEST_STEP][PASSED] - use(groovy.time.TimeCategory, { -> ... }): null

2022-08-09 13:41:32 - [TEST_STEP][PASSED] - nw = tnw.format("hh:mm"): null

2022-08-09 13:41:32 - [TEST_STEP][PASSED] - tn = nw: null

2022-08-09 13:41:32 - [TEST_STEP][PASSED] - if (tn == "01:55"): null

2022-08-09 13:41:32 - [TEST_STEP][PASSED] - delay(1): Delayed 1 second(s)

2022-08-09 13:41:34 - [MESSAGE][PASSED] - Delayed 1 second(s)

2022-08-09 13:41:34 - [TEST_STEP][PASSED] - use(groovy.time.TimeCategory, { -> ... }): null

2022-08-09 13:41:34 - [TEST_STEP][PASSED] - nw = tnw.format("hh:mm"): null

2022-08-09 13:41:34 - [TEST_STEP][PASSED] - tn = nw: null

2022-08-09 13:41:34 - [TEST_STEP][PASSED] - if (tn == "01:55"): null

2022-08-09 13:41:34 - [TEST_STEP][PASSED] - delay(1): Delayed 1 second(s)

2022-08-09 13:41:35 - [MESSAGE][PASSED] - Delayed 1 second(s)

2022-08-09 13:41:35 - [TEST_STEP][PASSED] - use(groovy.time.TimeCategory, { -> ... }): null

2022-08-09 13:41:35 - [TEST_STEP][PASSED] - nw = tnw.format("hh:mm"): null

2022-08-09 13:41:35 - [TEST_STEP][PASSED] - tn = nw: null

2022-08-09 13:41:35 - [TEST_STEP][PASSED] - if (tn == "01:55"): null

2022-08-09 13:41:35 - [TEST_STEP][PASSED] - delay(1): Delayed 1 second(s)

2022-08-09 13:41:36 - [MESSAGE][PASSED] - Delayed 1 second(s)

2022-08-09 13:41:36 - [TEST_STEP][PASSED] - use(groovy.time.TimeCategory, { -> ... }): null

2022-08-09 13:41:36 - [TEST_STEP][PASSED] - nw = tnw.format("hh:mm"): null

2022-08-09 13:41:36 - [TEST_STEP][PASSED] - tn = nw: null

2022-08-09 13:41:36 - [TEST_STEP][PASSED] - if (tn == "01:55"): null

2022-08-09 13:41:36 - [TEST_STEP][PASSED] - delay(1): Delayed 1 second(s)

2022-08-09 13:41:37 - [MESSAGE][PASSED] - Delayed 1 second(s)

2022-08-09 13:41:37 - [TEST_STEP][PASSED] - use(groovy.time.TimeCategory, { -> ... }): null

2022-08-09 13:41:37 - [TEST_STEP][PASSED] - nw = tnw.format("hh:mm"): null

2022-08-09 13:41:37 - [TEST_STEP][PASSED] - tn = nw: null

2022-08-09 13:41:37 - [TEST_STEP][PASSED] - if (tn == "01:55"): null

2022-08-09 13:41:37 - [TEST_STEP][PASSED] - delay(1): Delayed 1 second(s)

2022-08-09 13:41:38 - [MESSAGE][PASSED] - Delayed 1 second(s)

2022-08-09 13:41:38 - [TEST_STEP][PASSED] - use(groovy.time.TimeCategory, { -> ... }): null

2022-08-09 13:41:38 - [TEST_STEP][PASSED] - nw = tnw.format("hh:mm"): null

2022-08-09 13:41:38 - [TEST_STEP][PASSED] - tn = nw: null

2022-08-09 13:41:38 - [TEST_STEP][PASSED] - if (tn == "01:55"): null

2022-08-09 13:41:38 - [TEST_STEP][PASSED] - delay(1): Delayed 1 second(s)

2022-08-09 13:41:39 - [MESSAGE][PASSED] - Delayed 1 second(s)

2022-08-09 13:41:39 - [TEST_STEP][PASSED] - use(groovy.time.TimeCategory, { -> ... }): null

2022-08-09 13:41:39 - [TEST_STEP][PASSED] - nw = tnw.format("hh:mm"): null

2022-08-09 13:41:39 - [TEST_STEP][PASSED] - tn = nw: null

2022-08-09 13:41:39 - [TEST_STEP][PASSED] - if (tn == "01:55"): null

2022-08-09 13:41:39 - [TEST_STEP][PASSED] - delay(1): Delayed 1 second(s)

2022-08-09 13:41:40 - [MESSAGE][PASSED] - Delayed 1 second(s)

2022-08-09 13:41:40 - [TEST_STEP][PASSED] - use(groovy.time.TimeCategory, { -> ... }): null

2022-08-09 13:41:40 - [TEST_STEP][PASSED] - nw = tnw.format("hh:mm"): null

2022-08-09 13:41:40 - [TEST_STEP][PASSED] - tn = nw: null

2022-08-09 13:41:40 - [TEST_STEP][PASSED] - if (tn == "01:55"): null

2022-08-09 13:41:40 - [TEST_STEP][PASSED] - delay(1): Delayed 1 second(s)

2022-08-09 13:41:41 - [MESSAGE][PASSED] - Delayed 1 second(s)

2022-08-09 13:41:41 - [TEST_STEP][PASSED] - use(groovy.time.TimeCategory, { -> ... }): null

2022-08-09 13:41:41 - [TEST_STEP][PASSED] - nw = tnw.format("hh:mm"): null

2022-08-09 13:41:41 - [TEST_STEP][PASSED] - tn = nw: null

2022-08-09 13:41:41 - [TEST_STEP][PASSED] - if (tn == "01:55"): null

2022-08-09 13:41:41 - [TEST_STEP][PASSED] - delay(1): Delayed 1 second(s)

2022-08-09 13:41:42 - [MESSAGE][PASSED] - Delayed 1 second(s)

2022-08-09 13:41:42 - [TEST_STEP][PASSED] - use(groovy.time.TimeCategory, { -> ... }): null

2022-08-09 13:41:42 - [TEST_STEP][PASSED] - nw = tnw.format("hh:mm"): null

2022-08-09 13:41:42 - [TEST_STEP][PASSED] - tn = nw: null

2022-08-09 13:41:42 - [TEST_STEP][PASSED] - if (tn == "01:55"): null

2022-08-09 13:41:42 - [TEST_STEP][PASSED] - delay(1): Delayed 1 second(s)

2022-08-09 13:41:43 - [MESSAGE][PASSED] - Delayed 1 second(s)

2022-08-09 13:41:43 - [TEST_STEP][PASSED] - use(groovy.time.TimeCategory, { -> ... }): null

2022-08-09 13:41:43 - [TEST_STEP][PASSED] - nw = tnw.format("hh:mm"): null

2022-08-09 13:41:43 - [TEST_STEP][PASSED] - tn = nw: null

2022-08-09 13:41:43 - [TEST_STEP][PASSED] - if (tn == "01:55"): null

2022-08-09 13:41:43 - [TEST_STEP][PASSED] - delay(1): Delayed 1 second(s)

2022-08-09 13:41:44 - [MESSAGE][PASSED] - Delayed 1 second(s)

2022-08-09 13:41:44 - [TEST_STEP][PASSED] - use(groovy.time.TimeCategory, { -> ... }): null

2022-08-09 13:41:44 - [TEST_STEP][PASSED] - nw = tnw.format("hh:mm"): null

2022-08-09 13:41:44 - [TEST_STEP][PASSED] - tn = nw: null

2022-08-09 13:41:44 - [TEST_STEP][PASSED] - if (tn == "01:55"): null

2022-08-09 13:41:44 - [TEST_STEP][PASSED] - delay(1): Delayed 1 second(s)

2022-08-09 13:41:45 - [MESSAGE][PASSED] - Delayed 1 second(s)

2022-08-09 13:41:45 - [TEST_STEP][PASSED] - use(groovy.time.TimeCategory, { -> ... }): null

2022-08-09 13:41:45 - [TEST_STEP][PASSED] - nw = tnw.format("hh:mm"): null

2022-08-09 13:41:45 - [TEST_STEP][PASSED] - tn = nw: null

2022-08-09 13:41:45 - [TEST_STEP][PASSED] - if (tn == "01:55"): null

2022-08-09 13:41:45 - [TEST_STEP][PASSED] - delay(1): Delayed 1 second(s)

2022-08-09 13:41:46 - [MESSAGE][PASSED] - Delayed 1 second(s)

2022-08-09 13:41:46 - [TEST_STEP][PASSED] - use(groovy.time.TimeCategory, { -> ... }): null

2022-08-09 13:41:46 - [TEST_STEP][PASSED] - nw = tnw.format("hh:mm"): null

2022-08-09 13:41:46 - [TEST_STEP][PASSED] - tn = nw: null

2022-08-09 13:41:46 - [TEST_STEP][PASSED] - if (tn == "01:55"): null

2022-08-09 13:41:46 - [TEST_STEP][PASSED] - delay(1): Delayed 1 second(s)

2022-08-09 13:41:47 - [MESSAGE][PASSED] - Delayed 1 second(s)

2022-08-09 13:41:47 - [TEST_STEP][PASSED] - use(groovy.time.TimeCategory, { -> ... }): null

2022-08-09 13:41:47 - [TEST_STEP][PASSED] - nw = tnw.format("hh:mm"): null

2022-08-09 13:41:47 - [TEST_STEP][PASSED] - tn = nw: null

2022-08-09 13:41:47 - [TEST_STEP][PASSED] - if (tn == "01:55"): null

2022-08-09 13:41:47 - [TEST_STEP][PASSED] - delay(1): Delayed 1 second(s)

2022-08-09 13:41:48 - [MESSAGE][PASSED] - Delayed 1 second(s)

2022-08-09 13:41:48 - [TEST_STEP][PASSED] - use(groovy.time.TimeCategory, { -> ... }): null

2022-08-09 13:41:48 - [TEST_STEP][PASSED] - nw = tnw.format("hh:mm"): null

2022-08-09 13:41:48 - [TEST_STEP][PASSED] - tn = nw: null

2022-08-09 13:41:48 - [TEST_STEP][PASSED] - if (tn == "01:55"): null

2022-08-09 13:41:48 - [TEST_STEP][PASSED] - delay(1): Delayed 1 second(s)

2022-08-09 13:41:49 - [MESSAGE][PASSED] - Delayed 1 second(s)

2022-08-09 13:41:49 - [TEST_STEP][PASSED] - use(groovy.time.TimeCategory, { -> ... }): null

2022-08-09 13:41:49 - [TEST_STEP][PASSED] - nw = tnw.format("hh:mm"): null

2022-08-09 13:41:49 - [TEST_STEP][PASSED] - tn = nw: null

2022-08-09 13:41:49 - [TEST_STEP][PASSED] - if (tn == "01:55"): null

2022-08-09 13:41:49 - [TEST_STEP][PASSED] - delay(1): Delayed 1 second(s)

2022-08-09 13:41:50 - [MESSAGE][PASSED] - Delayed 1 second(s)

2022-08-09 13:41:50 - [TEST_STEP][PASSED] - use(groovy.time.TimeCategory, { -> ... }): null

2022-08-09 13:41:50 - [TEST_STEP][PASSED] - nw = tnw.format("hh:mm"): null

2022-08-09 13:41:50 - [TEST_STEP][PASSED] - tn = nw: null

2022-08-09 13:41:50 - [TEST_STEP][PASSED] - if (tn == "01:55"): null

2022-08-09 13:41:50 - [TEST_STEP][PASSED] - delay(1): Delayed 1 second(s)

2022-08-09 13:41:51 - [MESSAGE][PASSED] - Delayed 1 second(s)

2022-08-09 13:41:51 - [TEST_STEP][PASSED] - use(groovy.time.TimeCategory, { -> ... }): null

2022-08-09 13:41:51 - [TEST_STEP][PASSED] - nw = tnw.format("hh:mm"): null

2022-08-09 13:41:51 - [TEST_STEP][PASSED] - tn = nw: null

2022-08-09 13:41:51 - [TEST_STEP][PASSED] - if (tn == "01:55"): null

2022-08-09 13:41:51 - [TEST_STEP][PASSED] - delay(1): Delayed 1 second(s)

2022-08-09 13:41:52 - [MESSAGE][PASSED] - Delayed 1 second(s)

2022-08-09 13:41:52 - [TEST_STEP][PASSED] - use(groovy.time.TimeCategory, { -> ... }): null

2022-08-09 13:41:52 - [TEST_STEP][PASSED] - nw = tnw.format("hh:mm"): null

2022-08-09 13:41:52 - [TEST_STEP][PASSED] - tn = nw: null

2022-08-09 13:41:52 - [TEST_STEP][PASSED] - if (tn == "01:55"): null

2022-08-09 13:41:52 - [TEST_STEP][PASSED] - delay(1): Delayed 1 second(s)

2022-08-09 13:41:53 - [MESSAGE][PASSED] - Delayed 1 second(s)

2022-08-09 13:41:53 - [TEST_STEP][PASSED] - use(groovy.time.TimeCategory, { -> ... }): null

2022-08-09 13:41:53 - [TEST_STEP][PASSED] - nw = tnw.format("hh:mm"): null

2022-08-09 13:41:53 - [TEST_STEP][PASSED] - tn = nw: null

2022-08-09 13:41:53 - [TEST_STEP][PASSED] - if (tn == "01:55"): null

2022-08-09 13:41:53 - [TEST_STEP][PASSED] - delay(1): Delayed 1 second(s)

2022-08-09 13:41:54 - [MESSAGE][PASSED] - Delayed 1 second(s)

2022-08-09 13:41:54 - [TEST_STEP][PASSED] - use(groovy.time.TimeCategory, { -> ... }): null

2022-08-09 13:41:54 - [TEST_STEP][PASSED] - nw = tnw.format("hh:mm"): null

2022-08-09 13:41:54 - [TEST_STEP][PASSED] - tn = nw: null

2022-08-09 13:41:54 - [TEST_STEP][PASSED] - if (tn == "01:55"): null

2022-08-09 13:41:54 - [TEST_STEP][PASSED] - delay(1): Delayed 1 second(s)

2022-08-09 13:41:56 - [MESSAGE][PASSED] - Delayed 1 second(s)

2022-08-09 13:41:56 - [TEST_STEP][PASSED] - use(groovy.time.TimeCategory, { -> ... }): null

2022-08-09 13:41:56 - [TEST_STEP][PASSED] - nw = tnw.format("hh:mm"): null

2022-08-09 13:41:56 - [TEST_STEP][PASSED] - tn = nw: null

2022-08-09 13:41:56 - [TEST_STEP][PASSED] - if (tn == "01:55"): null

2022-08-09 13:41:56 - [TEST_STEP][PASSED] - delay(1): Delayed 1 second(s)

2022-08-09 13:41:57 - [MESSAGE][PASSED] - Delayed 1 second(s)

2022-08-09 13:41:57 - [TEST_STEP][PASSED] - use(groovy.time.TimeCategory, { -> ... }): null

2022-08-09 13:41:57 - [TEST_STEP][PASSED] - nw = tnw.format("hh:mm"): null

2022-08-09 13:41:57 - [TEST_STEP][PASSED] - tn = nw: null

2022-08-09 13:41:57 - [TEST_STEP][PASSED] - if (tn == "01:55"): null

2022-08-09 13:41:57 - [TEST_STEP][PASSED] - delay(1): Delayed 1 second(s)

2022-08-09 13:41:58 - [MESSAGE][PASSED] - Delayed 1 second(s)

2022-08-09 13:41:58 - [TEST_STEP][PASSED] - use(groovy.time.TimeCategory, { -> ... }): null

2022-08-09 13:41:58 - [TEST_STEP][PASSED] - nw = tnw.format("hh:mm"): null

2022-08-09 13:41:58 - [TEST_STEP][PASSED] - tn = nw: null

2022-08-09 13:41:58 - [TEST_STEP][PASSED] - if (tn == "01:55"): null

2022-08-09 13:41:58 - [TEST_STEP][PASSED] - delay(1): Delayed 1 second(s)

2022-08-09 13:41:59 - [MESSAGE][PASSED] - Delayed 1 second(s)

2022-08-09 13:41:59 - [TEST_STEP][PASSED] - use(groovy.time.TimeCategory, { -> ... }): null

2022-08-09 13:41:59 - [TEST_STEP][PASSED] - nw = tnw.format("hh:mm"): null

2022-08-09 13:41:59 - [TEST_STEP][PASSED] - tn = nw: null

2022-08-09 13:41:59 - [TEST_STEP][PASSED] - if (tn == "01:55"): null

2022-08-09 13:41:59 - [TEST_STEP][PASSED] - delay(1): Delayed 1 second(s)

2022-08-09 13:42:00 - [MESSAGE][PASSED] - Delayed 1 second(s)

2022-08-09 13:42:00 - [TEST_STEP][PASSED] - use(groovy.time.TimeCategory, { -> ... }): null

2022-08-09 13:42:00 - [TEST_STEP][PASSED] - nw = tnw.format("hh:mm"): null

2022-08-09 13:42:00 - [TEST_STEP][PASSED] - tn = nw: null

2022-08-09 13:42:00 - [TEST_STEP][PASSED] - if (tn == "01:55"): null

2022-08-09 13:42:00 - [TEST_STEP][PASSED] - delay(1): Delayed 1 second(s)

2022-08-09 13:42:01 - [MESSAGE][PASSED] - Delayed 1 second(s)

2022-08-09 13:42:01 - [TEST_STEP][PASSED] - use(groovy.time.TimeCategory, { -> ... }): null

2022-08-09 13:42:01 - [TEST_STEP][PASSED] - nw = tnw.format("hh:mm"): null

2022-08-09 13:42:01 - [TEST_STEP][PASSED] - tn = nw: null

2022-08-09 13:42:01 - [TEST_STEP][PASSED] - if (tn == "01:55"): null

2022-08-09 13:42:01 - [TEST_STEP][PASSED] - delay(1): Delayed 1 second(s)

2022-08-09 13:42:02 - [MESSAGE][PASSED] - Delayed 1 second(s)

2022-08-09 13:42:02 - [TEST_STEP][PASSED] - use(groovy.time.TimeCategory, { -> ... }): null

2022-08-09 13:42:02 - [TEST_STEP][PASSED] - nw = tnw.format("hh:mm"): null

2022-08-09 13:42:02 - [TEST_STEP][PASSED] - tn = nw: null

2022-08-09 13:42:02 - [TEST_STEP][PASSED] - if (tn == "01:55"): null

2022-08-09 13:42:02 - [TEST_STEP][PASSED] - delay(1): Delayed 1 second(s)

2022-08-09 13:42:03 - [MESSAGE][PASSED] - Delayed 1 second(s)

2022-08-09 13:42:03 - [TEST_STEP][PASSED] - use(groovy.time.TimeCategory, { -> ... }): null

2022-08-09 13:42:03 - [TEST_STEP][PASSED] - nw = tnw.format("hh:mm"): null

2022-08-09 13:42:03 - [TEST_STEP][PASSED] - tn = nw: null

2022-08-09 13:42:03 - [TEST_STEP][PASSED] - if (tn == "01:55"): null

2022-08-09 13:42:03 - [TEST_STEP][PASSED] - delay(1): Delayed 1 second(s)

2022-08-09 13:42:04 - [MESSAGE][PASSED] - Delayed 1 second(s)

2022-08-09 13:42:04 - [TEST_STEP][PASSED] - use(groovy.time.TimeCategory, { -> ... }): null

2022-08-09 13:42:04 - [TEST_STEP][PASSED] - nw = tnw.format("hh:mm"): null

2022-08-09 13:42:04 - [TEST_STEP][PASSED] - tn = nw: null

2022-08-09 13:42:04 - [TEST_STEP][PASSED] - if (tn == "01:55"): null

2022-08-09 13:42:04 - [TEST_STEP][PASSED] - delay(1): Delayed 1 second(s)

2022-08-09 13:42:05 - [MESSAGE][PASSED] - Delayed 1 second(s)

2022-08-09 13:42:05 - [TEST_STEP][PASSED] - use(groovy.time.TimeCategory, { -> ... }): null

2022-08-09 13:42:05 - [TEST_STEP][PASSED] - nw = tnw.format("hh:mm"): null

2022-08-09 13:42:05 - [TEST_STEP][PASSED] - tn = nw: null

2022-08-09 13:42:05 - [TEST_STEP][PASSED] - if (tn == "01:55"): null

2022-08-09 13:42:05 - [TEST_STEP][PASSED] - delay(1): Delayed 1 second(s)

2022-08-09 13:42:06 - [MESSAGE][PASSED] - Delayed 1 second(s)

2022-08-09 13:42:06 - [TEST_STEP][PASSED] - use(groovy.time.TimeCategory, { -> ... }): null

2022-08-09 13:42:06 - [TEST_STEP][PASSED] - nw = tnw.format("hh:mm"): null

2022-08-09 13:42:06 - [TEST_STEP][PASSED] - tn = nw: null

2022-08-09 13:42:06 - [TEST_STEP][PASSED] - if (tn == "01:55"): null

2022-08-09 13:42:06 - [TEST_STEP][PASSED] - delay(1): Delayed 1 second(s)

2022-08-09 13:42:07 - [MESSAGE][PASSED] - Delayed 1 second(s)

2022-08-09 13:42:07 - [TEST_STEP][PASSED] - use(groovy.time.TimeCategory, { -> ... }): null

2022-08-09 13:42:07 - [TEST_STEP][PASSED] - nw = tnw.format("hh:mm"): null

2022-08-09 13:42:07 - [TEST_STEP][PASSED] - tn = nw: null

2022-08-09 13:42:07 - [TEST_STEP][PASSED] - if (tn == "01:55"): null

2022-08-09 13:42:07 - [TEST_STEP][PASSED] - delay(1): Delayed 1 second(s)

2022-08-09 13:42:08 - [MESSAGE][PASSED] - Delayed 1 second(s)

2022-08-09 13:42:08 - [TEST_STEP][PASSED] - use(groovy.time.TimeCategory, { -> ... }): null

2022-08-09 13:42:08 - [TEST_STEP][PASSED] - nw = tnw.format("hh:mm"): null

2022-08-09 13:42:08 - [TEST_STEP][PASSED] - tn = nw: null

2022-08-09 13:42:08 - [TEST_STEP][PASSED] - if (tn == "01:55"): null

2022-08-09 13:42:08 - [TEST_STEP][PASSED] - delay(1): Delayed 1 second(s)

2022-08-09 13:42:09 - [MESSAGE][PASSED] - Delayed 1 second(s)

2022-08-09 13:42:09 - [TEST_STEP][PASSED] - use(groovy.time.TimeCategory, { -> ... }): null

2022-08-09 13:42:09 - [TEST_STEP][PASSED] - nw = tnw.format("hh:mm"): null

2022-08-09 13:42:09 - [TEST_STEP][PASSED] - tn = nw: null

2022-08-09 13:42:09 - [TEST_STEP][PASSED] - if (tn == "01:55"): null

2022-08-09 13:42:09 - [TEST_STEP][PASSED] - delay(1): Delayed 1 second(s)

2022-08-09 13:42:10 - [MESSAGE][PASSED] - Delayed 1 second(s)

2022-08-09 13:42:10 - [TEST_STEP][PASSED] - use(groovy.time.TimeCategory, { -> ... }): null

2022-08-09 13:42:10 - [TEST_STEP][PASSED] - nw = tnw.format("hh:mm"): null

2022-08-09 13:42:10 - [TEST_STEP][PASSED] - tn = nw: null

2022-08-09 13:42:10 - [TEST_STEP][PASSED] - if (tn == "01:55"): null

2022-08-09 13:42:10 - [TEST_STEP][PASSED] - delay(1): Delayed 1 second(s)

2022-08-09 13:42:11 - [MESSAGE][PASSED] - Delayed 1 second(s)

2022-08-09 13:42:11 - [TEST_STEP][PASSED] - use(groovy.time.TimeCategory, { -> ... }): null

2022-08-09 13:42:11 - [TEST_STEP][PASSED] - nw = tnw.format("hh:mm"): null

2022-08-09 13:42:11 - [TEST_STEP][PASSED] - tn = nw: null

2022-08-09 13:42:11 - [TEST_STEP][PASSED] - if (tn == "01:55"): null

2022-08-09 13:42:11 - [TEST_STEP][PASSED] - delay(1): Delayed 1 second(s)

2022-08-09 13:42:12 - [MESSAGE][PASSED] - Delayed 1 second(s)

2022-08-09 13:42:12 - [TEST_STEP][PASSED] - use(groovy.time.TimeCategory, { -> ... }): null

2022-08-09 13:42:12 - [TEST_STEP][PASSED] - nw = tnw.format("hh:mm"): null

2022-08-09 13:42:12 - [TEST_STEP][PASSED] - tn = nw: null

2022-08-09 13:42:12 - [TEST_STEP][PASSED] - if (tn == "01:55"): null

2022-08-09 13:42:12 - [TEST_STEP][PASSED] - delay(1): Delayed 1 second(s)

2022-08-09 13:42:13 - [MESSAGE][PASSED] - Delayed 1 second(s)

2022-08-09 13:42:13 - [TEST_STEP][PASSED] - use(groovy.time.TimeCategory, { -> ... }): null

2022-08-09 13:42:13 - [TEST_STEP][PASSED] - nw = tnw.format("hh:mm"): null

2022-08-09 13:42:13 - [TEST_STEP][PASSED] - tn = nw: null

2022-08-09 13:42:13 - [TEST_STEP][PASSED] - if (tn == "01:55"): null

2022-08-09 13:42:13 - [TEST_STEP][PASSED] - delay(1): Delayed 1 second(s)

2022-08-09 13:42:14 - [MESSAGE][PASSED] - Delayed 1 second(s)

2022-08-09 13:42:14 - [TEST_STEP][PASSED] - use(groovy.time.TimeCategory, { -> ... }): null

2022-08-09 13:42:14 - [TEST_STEP][PASSED] - nw = tnw.format("hh:mm"): null

2022-08-09 13:42:14 - [TEST_STEP][PASSED] - tn = nw: null

2022-08-09 13:42:14 - [TEST_STEP][PASSED] - if (tn == "01:55"): null

2022-08-09 13:42:14 - [TEST_STEP][PASSED] - delay(1): Delayed 1 second(s)

2022-08-09 13:42:15 - [MESSAGE][PASSED] - Delayed 1 second(s)

2022-08-09 13:42:15 - [TEST_STEP][PASSED] - use(groovy.time.TimeCategory, { -> ... }): null

2022-08-09 13:42:15 - [TEST_STEP][PASSED] - nw = tnw.format("hh:mm"): null

2022-08-09 13:42:15 - [TEST_STEP][PASSED] - tn = nw: null

2022-08-09 13:42:15 - [TEST_STEP][PASSED] - if (tn == "01:55"): null

2022-08-09 13:42:15 - [TEST_STEP][PASSED] - delay(1): Delayed 1 second(s)

2022-08-09 13:42:16 - [MESSAGE][PASSED] - Delayed 1 second(s)

2022-08-09 13:42:16 - [TEST_STEP][PASSED] - use(groovy.time.TimeCategory, { -> ... }): null

2022-08-09 13:42:16 - [TEST_STEP][PASSED] - nw = tnw.format("hh:mm"): null

2022-08-09 13:42:16 - [TEST_STEP][PASSED] - tn = nw: null

2022-08-09 13:42:16 - [TEST_STEP][PASSED] - if (tn == "01:55"): null

2022-08-09 13:42:16 - [TEST_STEP][PASSED] - delay(1): Delayed 1 second(s)

2022-08-09 13:42:17 - [MESSAGE][PASSED] - Delayed 1 second(s)

2022-08-09 13:42:17 - [TEST_STEP][PASSED] - use(groovy.time.TimeCategory, { -> ... }): null

2022-08-09 13:42:17 - [TEST_STEP][PASSED] - nw = tnw.format("hh:mm"): null

2022-08-09 13:42:17 - [TEST_STEP][PASSED] - tn = nw: null

2022-08-09 13:42:17 - [TEST_STEP][PASSED] - if (tn == "01:55"): null

2022-08-09 13:42:17 - [TEST_STEP][PASSED] - delay(1): Delayed 1 second(s)

2022-08-09 13:42:18 - [MESSAGE][PASSED] - Delayed 1 second(s)

2022-08-09 13:42:18 - [TEST_STEP][PASSED] - use(groovy.time.TimeCategory, { -> ... }): null

2022-08-09 13:42:18 - [TEST_STEP][PASSED] - nw = tnw.format("hh:mm"): null

2022-08-09 13:42:18 - [TEST_STEP][PASSED] - tn = nw: null

2022-08-09 13:42:18 - [TEST_STEP][PASSED] - if (tn == "01:55"): null

2022-08-09 13:42:18 - [TEST_STEP][PASSED] - delay(1): Delayed 1 second(s)

2022-08-09 13:42:19 - [MESSAGE][PASSED] - Delayed 1 second(s)

2022-08-09 13:42:19 - [TEST_STEP][PASSED] - use(groovy.time.TimeCategory, { -> ... }): null

2022-08-09 13:42:19 - [TEST_STEP][PASSED] - nw = tnw.format("hh:mm"): null

2022-08-09 13:42:19 - [TEST_STEP][PASSED] - tn = nw: null

2022-08-09 13:42:19 - [TEST_STEP][PASSED] - if (tn == "01:55"): null

2022-08-09 13:42:19 - [TEST_STEP][PASSED] - delay(1): Delayed 1 second(s)

2022-08-09 13:42:20 - [MESSAGE][PASSED] - Delayed 1 second(s)

2022-08-09 13:42:20 - [TEST_STEP][PASSED] - use(groovy.time.TimeCategory, { -> ... }): null

2022-08-09 13:42:20 - [TEST_STEP][PASSED] - nw = tnw.format("hh:mm"): null

2022-08-09 13:42:20 - [TEST_STEP][PASSED] - tn = nw: null

2022-08-09 13:42:20 - [TEST_STEP][PASSED] - if (tn == "01:55"): null

2022-08-09 13:42:20 - [TEST_STEP][PASSED] - delay(1): Delayed 1 second(s)

2022-08-09 13:42:21 - [MESSAGE][PASSED] - Delayed 1 second(s)

2022-08-09 13:42:21 - [TEST_STEP][PASSED] - use(groovy.time.TimeCategory, { -> ... }): null

2022-08-09 13:42:21 - [TEST_STEP][PASSED] - nw = tnw.format("hh:mm"): null

2022-08-09 13:42:21 - [TEST_STEP][PASSED] - tn = nw: null

2022-08-09 13:42:21 - [TEST_STEP][PASSED] - if (tn == "01:55"): null

2022-08-09 13:42:21 - [TEST_STEP][PASSED] - delay(1): Delayed 1 second(s)

2022-08-09 13:42:22 - [MESSAGE][PASSED] - Delayed 1 second(s)

2022-08-09 13:42:22 - [TEST_STEP][PASSED] - use(groovy.time.TimeCategory, { -> ... }): null

2022-08-09 13:42:22 - [TEST_STEP][PASSED] - nw = tnw.format("hh:mm"): null

2022-08-09 13:42:22 - [TEST_STEP][PASSED] - tn = nw: null

2022-08-09 13:42:22 - [TEST_STEP][PASSED] - if (tn == "01:55"): null

2022-08-09 13:42:22 - [TEST_STEP][PASSED] - delay(1): Delayed 1 second(s)

2022-08-09 13:42:23 - [MESSAGE][PASSED] - Delayed 1 second(s)

2022-08-09 13:42:23 - [TEST_STEP][PASSED] - use(groovy.time.TimeCategory, { -> ... }): null

2022-08-09 13:42:23 - [TEST_STEP][PASSED] - nw = tnw.format("hh:mm"): null

2022-08-09 13:42:23 - [TEST_STEP][PASSED] - tn = nw: null

2022-08-09 13:42:23 - [TEST_STEP][PASSED] - if (tn == "01:55"): null

2022-08-09 13:42:23 - [TEST_STEP][PASSED] - delay(1): Delayed 1 second(s)

2022-08-09 13:42:24 - [MESSAGE][PASSED] - Delayed 1 second(s)

2022-08-09 13:42:24 - [TEST_STEP][PASSED] - use(groovy.time.TimeCategory, { -> ... }): null

2022-08-09 13:42:24 - [TEST_STEP][PASSED] - nw = tnw.format("hh:mm"): null

2022-08-09 13:42:24 - [TEST_STEP][PASSED] - tn = nw: null

2022-08-09 13:42:24 - [TEST_STEP][PASSED] - if (tn == "01:55"): null

2022-08-09 13:42:24 - [TEST_STEP][PASSED] - delay(1): Delayed 1 second(s)

2022-08-09 13:42:25 - [MESSAGE][PASSED] - Delayed 1 second(s)

2022-08-09 13:42:25 - [TEST_STEP][PASSED] - use(groovy.time.TimeCategory, { -> ... }): null

2022-08-09 13:42:25 - [TEST_STEP][PASSED] - nw = tnw.format("hh:mm"): null

2022-08-09 13:42:25 - [TEST_STEP][PASSED] - tn = nw: null

2022-08-09 13:42:25 - [TEST_STEP][PASSED] - if (tn == "01:55"): null

2022-08-09 13:42:25 - [TEST_STEP][PASSED] - delay(1): Delayed 1 second(s)

2022-08-09 13:42:26 - [MESSAGE][PASSED] - Delayed 1 second(s)

2022-08-09 13:42:26 - [TEST_STEP][PASSED] - use(groovy.time.TimeCategory, { -> ... }): null

2022-08-09 13:42:26 - [TEST_STEP][PASSED] - nw = tnw.format("hh:mm"): null

2022-08-09 13:42:26 - [TEST_STEP][PASSED] - tn = nw: null

2022-08-09 13:42:26 - [TEST_STEP][PASSED] - if (tn == "01:55"): null

2022-08-09 13:42:26 - [TEST_STEP][PASSED] - delay(1): Delayed 1 second(s)

2022-08-09 13:42:27 - [MESSAGE][PASSED] - Delayed 1 second(s)

2022-08-09 13:42:27 - [TEST_STEP][PASSED] - use(groovy.time.TimeCategory, { -> ... }): null

2022-08-09 13:42:27 - [TEST_STEP][PASSED] - nw = tnw.format("hh:mm"): null

2022-08-09 13:42:27 - [TEST_STEP][PASSED] - tn = nw: null

2022-08-09 13:42:27 - [TEST_STEP][PASSED] - if (tn == "01:55"): null

2022-08-09 13:42:27 - [TEST_STEP][PASSED] - delay(1): Delayed 1 second(s)

2022-08-09 13:42:28 - [MESSAGE][PASSED] - Delayed 1 second(s)

2022-08-09 13:42:28 - [TEST_STEP][PASSED] - use(groovy.time.TimeCategory, { -> ... }): null

2022-08-09 13:42:28 - [TEST_STEP][PASSED] - nw = tnw.format("hh:mm"): null

2022-08-09 13:42:28 - [TEST_STEP][PASSED] - tn = nw: null

2022-08-09 13:42:28 - [TEST_STEP][PASSED] - if (tn == "01:55"): null

2022-08-09 13:42:28 - [TEST_STEP][PASSED] - delay(1): Delayed 1 second(s)

2022-08-09 13:42:29 - [MESSAGE][PASSED] - Delayed 1 second(s)

2022-08-09 13:42:29 - [TEST_STEP][PASSED] - use(groovy.time.TimeCategory, { -> ... }): null

2022-08-09 13:42:29 - [TEST_STEP][PASSED] - nw = tnw.format("hh:mm"): null

2022-08-09 13:42:29 - [TEST_STEP][PASSED] - tn = nw: null

2022-08-09 13:42:29 - [TEST_STEP][PASSED] - if (tn == "01:55"): null

2022-08-09 13:42:29 - [TEST_STEP][PASSED] - delay(1): Delayed 1 second(s)

2022-08-09 13:42:30 - [MESSAGE][PASSED] - Delayed 1 second(s)

2022-08-09 13:42:30 - [TEST_STEP][PASSED] - use(groovy.time.TimeCategory, { -> ... }): null

2022-08-09 13:42:30 - [TEST_STEP][PASSED] - nw = tnw.format("hh:mm"): null

2022-08-09 13:42:30 - [TEST_STEP][PASSED] - tn = nw: null

2022-08-09 13:42:30 - [TEST_STEP][PASSED] - if (tn == "01:55"): null

2022-08-09 13:42:30 - [TEST_STEP][PASSED] - delay(1): Delayed 1 second(s)

2022-08-09 13:42:31 - [MESSAGE][PASSED] - Delayed 1 second(s)

2022-08-09 13:42:31 - [TEST_STEP][PASSED] - use(groovy.time.TimeCategory, { -> ... }): null

2022-08-09 13:42:31 - [TEST_STEP][PASSED] - nw = tnw.format("hh:mm"): null

2022-08-09 13:42:31 - [TEST_STEP][PASSED] - tn = nw: null

2022-08-09 13:42:31 - [TEST_STEP][PASSED] - if (tn == "01:55"): null

2022-08-09 13:42:31 - [TEST_STEP][PASSED] - delay(1): Delayed 1 second(s)

2022-08-09 13:42:32 - [MESSAGE][PASSED] - Delayed 1 second(s)

2022-08-09 13:42:32 - [TEST_STEP][PASSED] - use(groovy.time.TimeCategory, { -> ... }): null

2022-08-09 13:42:32 - [TEST_STEP][PASSED] - nw = tnw.format("hh:mm"): null

2022-08-09 13:42:32 - [TEST_STEP][PASSED] - tn = nw: null

2022-08-09 13:42:32 - [TEST_STEP][PASSED] - if (tn == "01:55"): null

2022-08-09 13:42:32 - [TEST_STEP][PASSED] - delay(1): Delayed 1 second(s)

2022-08-09 13:42:33 - [MESSAGE][PASSED] - Delayed 1 second(s)

2022-08-09 13:42:33 - [TEST_STEP][PASSED] - use(groovy.time.TimeCategory, { -> ... }): null

2022-08-09 13:42:33 - [TEST_STEP][PASSED] - nw = tnw.format("hh:mm"): null

2022-08-09 13:42:33 - [TEST_STEP][PASSED] - tn = nw: null

2022-08-09 13:42:33 - [TEST_STEP][PASSED] - if (tn == "01:55"): null

2022-08-09 13:42:33 - [TEST_STEP][PASSED] - delay(1): Delayed 1 second(s)

2022-08-09 13:42:34 - [MESSAGE][PASSED] - Delayed 1 second(s)

2022-08-09 13:42:34 - [TEST_STEP][PASSED] - use(groovy.time.TimeCategory, { -> ... }): null

2022-08-09 13:42:34 - [TEST_STEP][PASSED] - nw = tnw.format("hh:mm"): null

2022-08-09 13:42:34 - [TEST_STEP][PASSED] - tn = nw: null

2022-08-09 13:42:34 - [TEST_STEP][PASSED] - if (tn == "01:55"): null

2022-08-09 13:42:34 - [TEST_STEP][PASSED] - delay(1): Delayed 1 second(s)

2022-08-09 13:42:35 - [MESSAGE][PASSED] - Delayed 1 second(s)

2022-08-09 13:42:35 - [TEST_STEP][PASSED] - use(groovy.time.TimeCategory, { -> ... }): null

2022-08-09 13:42:35 - [TEST_STEP][PASSED] - nw = tnw.format("hh:mm"): null

2022-08-09 13:42:35 - [TEST_STEP][PASSED] - tn = nw: null

2022-08-09 13:42:35 - [TEST_STEP][PASSED] - if (tn == "01:55"): null

2022-08-09 13:42:35 - [TEST_STEP][PASSED] - delay(1): Delayed 1 second(s)

2022-08-09 13:42:36 - [MESSAGE][PASSED] - Delayed 1 second(s)

2022-08-09 13:42:36 - [TEST_STEP][PASSED] - use(groovy.time.TimeCategory, { -> ... }): null

2022-08-09 13:42:36 - [TEST_STEP][PASSED] - nw = tnw.format("hh:mm"): null

2022-08-09 13:42:36 - [TEST_STEP][PASSED] - tn = nw: null

2022-08-09 13:42:36 - [TEST_STEP][PASSED] - if (tn == "01:55"): null

2022-08-09 13:42:36 - [TEST_STEP][PASSED] - delay(1): Delayed 1 second(s)

2022-08-09 13:42:37 - [MESSAGE][PASSED] - Delayed 1 second(s)

2022-08-09 13:42:37 - [TEST_STEP][PASSED] - use(groovy.time.TimeCategory, { -> ... }): null

2022-08-09 13:42:37 - [TEST_STEP][PASSED] - nw = tnw.format("hh:mm"): null

2022-08-09 13:42:37 - [TEST_STEP][PASSED] - tn = nw: null

2022-08-09 13:42:37 - [TEST_STEP][PASSED] - if (tn == "01:55"): null

2022-08-09 13:42:37 - [TEST_STEP][PASSED] - delay(1): Delayed 1 second(s)

2022-08-09 13:42:38 - [MESSAGE][PASSED] - Delayed 1 second(s)

2022-08-09 13:42:38 - [TEST_STEP][PASSED] - use(groovy.time.TimeCategory, { -> ... }): null

2022-08-09 13:42:38 - [TEST_STEP][PASSED] - nw = tnw.format("hh:mm"): null

2022-08-09 13:42:38 - [TEST_STEP][PASSED] - tn = nw: null

2022-08-09 13:42:38 - [TEST_STEP][PASSED] - if (tn == "01:55"): null

2022-08-09 13:42:38 - [TEST_STEP][PASSED] - delay(1): Delayed 1 second(s)

2022-08-09 13:42:39 - [MESSAGE][PASSED] - Delayed 1 second(s)

2022-08-09 13:42:39 - [TEST_STEP][PASSED] - use(groovy.time.TimeCategory, { -> ... }): null

2022-08-09 13:42:39 - [TEST_STEP][PASSED] - nw = tnw.format("hh:mm"): null

2022-08-09 13:42:39 - [TEST_STEP][PASSED] - tn = nw: null

2022-08-09 13:42:39 - [TEST_STEP][PASSED] - if (tn == "01:55"): null

2022-08-09 13:42:39 - [TEST_STEP][PASSED] - delay(1): Delayed 1 second(s)

2022-08-09 13:42:40 - [MESSAGE][PASSED] - Delayed 1 second(s)

2022-08-09 13:42:40 - [TEST_STEP][PASSED] - use(groovy.time.TimeCategory, { -> ... }): null

2022-08-09 13:42:40 - [TEST_STEP][PASSED] - nw = tnw.format("hh:mm"): null

2022-08-09 13:42:40 - [TEST_STEP][PASSED] - tn = nw: null

2022-08-09 13:42:40 - [TEST_STEP][PASSED] - if (tn == "01:55"): null

2022-08-09 13:42:40 - [TEST_STEP][PASSED] - delay(1): Delayed 1 second(s)

2022-08-09 13:42:41 - [MESSAGE][PASSED] - Delayed 1 second(s)

2022-08-09 13:42:41 - [TEST_STEP][PASSED] - use(groovy.time.TimeCategory, { -> ... }): null

2022-08-09 13:42:41 - [TEST_STEP][PASSED] - nw = tnw.format("hh:mm"): null

2022-08-09 13:42:41 - [TEST_STEP][PASSED] - tn = nw: null

2022-08-09 13:42:41 - [TEST_STEP][PASSED] - if (tn == "01:55"): null

2022-08-09 13:42:41 - [TEST_STEP][PASSED] - delay(1): Delayed 1 second(s)

2022-08-09 13:42:42 - [MESSAGE][PASSED] - Delayed 1 second(s)

2022-08-09 13:42:42 - [TEST_STEP][PASSED] - use(groovy.time.TimeCategory, { -> ... }): null

2022-08-09 13:42:42 - [TEST_STEP][PASSED] - nw = tnw.format("hh:mm"): null

2022-08-09 13:42:42 - [TEST_STEP][PASSED] - tn = nw: null

2022-08-09 13:42:42 - [TEST_STEP][PASSED] - if (tn == "01:55"): null

2022-08-09 13:42:42 - [TEST_STEP][PASSED] - delay(1): Delayed 1 second(s)

2022-08-09 13:42:43 - [MESSAGE][PASSED] - Delayed 1 second(s)

2022-08-09 13:42:43 - [TEST_STEP][PASSED] - use(groovy.time.TimeCategory, { -> ... }): null

2022-08-09 13:42:43 - [TEST_STEP][PASSED] - nw = tnw.format("hh:mm"): null

2022-08-09 13:42:43 - [TEST_STEP][PASSED] - tn = nw: null

2022-08-09 13:42:43 - [TEST_STEP][PASSED] - if (tn == "01:55"): null

2022-08-09 13:42:43 - [TEST_STEP][PASSED] - delay(1): Delayed 1 second(s)

2022-08-09 13:42:44 - [MESSAGE][PASSED] - Delayed 1 second(s)

2022-08-09 13:42:44 - [TEST_STEP][PASSED] - use(groovy.time.TimeCategory, { -> ... }): null

2022-08-09 13:42:44 - [TEST_STEP][PASSED] - nw = tnw.format("hh:mm"): null

2022-08-09 13:42:44 - [TEST_STEP][PASSED] - tn = nw: null

2022-08-09 13:42:44 - [TEST_STEP][PASSED] - if (tn == "01:55"): null

2022-08-09 13:42:44 - [TEST_STEP][PASSED] - delay(1): Delayed 1 second(s)

2022-08-09 13:42:45 - [MESSAGE][PASSED] - Delayed 1 second(s)

2022-08-09 13:42:45 - [TEST_STEP][PASSED] - use(groovy.time.TimeCategory, { -> ... }): null

2022-08-09 13:42:46 - [TEST_STEP][PASSED] - nw = tnw.format("hh:mm"): null

2022-08-09 13:42:46 - [TEST_STEP][PASSED] - tn = nw: null

2022-08-09 13:42:46 - [TEST_STEP][PASSED] - if (tn == "01:55"): null

2022-08-09 13:42:46 - [TEST_STEP][PASSED] - delay(1): Delayed 1 second(s)

2022-08-09 13:42:47 - [MESSAGE][PASSED] - Delayed 1 second(s)

2022-08-09 13:42:47 - [TEST_STEP][PASSED] - use(groovy.time.TimeCategory, { -> ... }): null

2022-08-09 13:42:47 - [TEST_STEP][PASSED] - nw = tnw.format("hh:mm"): null

2022-08-09 13:42:47 - [TEST_STEP][PASSED] - tn = nw: null

2022-08-09 13:42:47 - [TEST_STEP][PASSED] - if (tn == "01:55"): null

2022-08-09 13:42:47 - [TEST_STEP][PASSED] - delay(1): Delayed 1 second(s)

2022-08-09 13:42:48 - [MESSAGE][PASSED] - Delayed 1 second(s)

2022-08-09 13:42:48 - [TEST_STEP][PASSED] - use(groovy.time.TimeCategory, { -> ... }): null

2022-08-09 13:42:48 - [TEST_STEP][PASSED] - nw = tnw.format("hh:mm"): null

2022-08-09 13:42:48 - [TEST_STEP][PASSED] - tn = nw: null

2022-08-09 13:42:48 - [TEST_STEP][PASSED] - if (tn == "01:55"): null

2022-08-09 13:42:48 - [TEST_STEP][PASSED] - delay(1): Delayed 1 second(s)

2022-08-09 13:42:49 - [MESSAGE][PASSED] - Delayed 1 second(s)

2022-08-09 13:42:49 - [TEST_STEP][PASSED] - use(groovy.time.TimeCategory, { -> ... }): null

2022-08-09 13:42:49 - [TEST_STEP][PASSED] - nw = tnw.format("hh:mm"): null

2022-08-09 13:42:49 - [TEST_STEP][PASSED] - tn = nw: null

2022-08-09 13:42:49 - [TEST_STEP][PASSED] - if (tn == "01:55"): null

2022-08-09 13:42:49 - [TEST_STEP][PASSED] - delay(1): Delayed 1 second(s)

2022-08-09 13:42:50 - [MESSAGE][PASSED] - Delayed 1 second(s)

2022-08-09 13:42:50 - [TEST_STEP][PASSED] - use(groovy.time.TimeCategory, { -> ... }): null

2022-08-09 13:42:50 - [TEST_STEP][PASSED] - nw = tnw.format("hh:mm"): null

2022-08-09 13:42:50 - [TEST_STEP][PASSED] - tn = nw: null

2022-08-09 13:42:50 - [TEST_STEP][PASSED] - if (tn == "01:55"): null

2022-08-09 13:42:50 - [TEST_STEP][PASSED] - delay(1): Delayed 1 second(s)

2022-08-09 13:42:51 - [MESSAGE][PASSED] - Delayed 1 second(s)

2022-08-09 13:42:51 - [TEST_STEP][PASSED] - use(groovy.time.TimeCategory, { -> ... }): null

2022-08-09 13:42:51 - [TEST_STEP][PASSED] - nw = tnw.format("hh:mm"): null

2022-08-09 13:42:51 - [TEST_STEP][PASSED] - tn = nw: null

2022-08-09 13:42:51 - [TEST_STEP][PASSED] - if (tn == "01:55"): null

2022-08-09 13:42:51 - [TEST_STEP][PASSED] - delay(1): Delayed 1 second(s)

2022-08-09 13:42:52 - [MESSAGE][PASSED] - Delayed 1 second(s)

2022-08-09 13:42:52 - [TEST_STEP][PASSED] - use(groovy.time.TimeCategory, { -> ... }): null

2022-08-09 13:42:52 - [TEST_STEP][PASSED] - nw = tnw.format("hh:mm"): null

2022-08-09 13:42:52 - [TEST_STEP][PASSED] - tn = nw: null

2022-08-09 13:42:52 - [TEST_STEP][PASSED] - if (tn == "01:55"): null

2022-08-09 13:42:52 - [TEST_STEP][PASSED] - delay(1): Delayed 1 second(s)

2022-08-09 13:42:53 - [MESSAGE][PASSED] - Delayed 1 second(s)

2022-08-09 13:42:53 - [TEST_STEP][PASSED] - use(groovy.time.TimeCategory, { -> ... }): null

2022-08-09 13:42:53 - [TEST_STEP][PASSED] - nw = tnw.format("hh:mm"): null

2022-08-09 13:42:53 - [TEST_STEP][PASSED] - tn = nw: null

2022-08-09 13:42:53 - [TEST_STEP][PASSED] - if (tn == "01:55"): null

2022-08-09 13:42:53 - [TEST_STEP][PASSED] - delay(1): Delayed 1 second(s)

2022-08-09 13:42:54 - [MESSAGE][PASSED] - Delayed 1 second(s)

2022-08-09 13:42:54 - [TEST_STEP][PASSED] - use(groovy.time.TimeCategory, { -> ... }): null

2022-08-09 13:42:54 - [TEST_STEP][PASSED] - nw = tnw.format("hh:mm"): null

2022-08-09 13:42:54 - [TEST_STEP][PASSED] - tn = nw: null

2022-08-09 13:42:54 - [TEST_STEP][PASSED] - if (tn == "01:55"): null

2022-08-09 13:42:54 - [TEST_STEP][PASSED] - delay(1): Delayed 1 second(s)

2022-08-09 13:42:55 - [MESSAGE][PASSED] - Delayed 1 second(s)

2022-08-09 13:42:55 - [TEST_STEP][PASSED] - use(groovy.time.TimeCategory, { -> ... }): null

2022-08-09 13:42:55 - [TEST_STEP][PASSED] - nw = tnw.format("hh:mm"): null

2022-08-09 13:42:55 - [TEST_STEP][PASSED] - tn = nw: null

2022-08-09 13:42:55 - [TEST_STEP][PASSED] - if (tn == "01:55"): null

2022-08-09 13:42:55 - [TEST_STEP][PASSED] - delay(1): Delayed 1 second(s)

2022-08-09 13:42:56 - [MESSAGE][PASSED] - Delayed 1 second(s)

2022-08-09 13:42:56 - [TEST_STEP][PASSED] - use(groovy.time.TimeCategory, { -> ... }): null

2022-08-09 13:42:56 - [TEST_STEP][PASSED] - nw = tnw.format("hh:mm"): null

2022-08-09 13:42:56 - [TEST_STEP][PASSED] - tn = nw: null

2022-08-09 13:42:56 - [TEST_STEP][PASSED] - if (tn == "01:55"): null

2022-08-09 13:42:56 - [TEST_STEP][PASSED] - delay(1): Delayed 1 second(s)

2022-08-09 13:42:57 - [MESSAGE][PASSED] - Delayed 1 second(s)

2022-08-09 13:42:57 - [TEST_STEP][PASSED] - use(groovy.time.TimeCategory, { -> ... }): null

2022-08-09 13:42:57 - [TEST_STEP][PASSED] - nw = tnw.format("hh:mm"): null

2022-08-09 13:42:57 - [TEST_STEP][PASSED] - tn = nw: null

2022-08-09 13:42:57 - [TEST_STEP][PASSED] - if (tn == "01:55"): null

2022-08-09 13:42:57 - [TEST_STEP][PASSED] - delay(1): Delayed 1 second(s)

2022-08-09 13:42:58 - [MESSAGE][PASSED] - Delayed 1 second(s)

2022-08-09 13:42:58 - [TEST_STEP][PASSED] - use(groovy.time.TimeCategory, { -> ... }): null

2022-08-09 13:42:58 - [TEST_STEP][PASSED] - nw = tnw.format("hh:mm"): null

2022-08-09 13:42:58 - [TEST_STEP][PASSED] - tn = nw: null

2022-08-09 13:42:58 - [TEST_STEP][PASSED] - if (tn == "01:55"): null

2022-08-09 13:42:58 - [TEST_STEP][PASSED] - delay(1): Delayed 1 second(s)

2022-08-09 13:42:59 - [MESSAGE][PASSED] - Delayed 1 second(s)

2022-08-09 13:42:59 - [TEST_STEP][PASSED] - use(groovy.time.TimeCategory, { -> ... }): null

2022-08-09 13:42:59 - [TEST_STEP][PASSED] - nw = tnw.format("hh:mm"): null

2022-08-09 13:42:59 - [TEST_STEP][PASSED] - tn = nw: null

2022-08-09 13:42:59 - [TEST_STEP][PASSED] - if (tn == "01:55"): null

2022-08-09 13:42:59 - [TEST_STEP][PASSED] - delay(1): Delayed 1 second(s)

2022-08-09 13:43:00 - [MESSAGE][PASSED] - Delayed 1 second(s)

2022-08-09 13:43:00 - [TEST_STEP][PASSED] - use(groovy.time.TimeCategory, { -> ... }): null

2022-08-09 13:43:00 - [TEST_STEP][PASSED] - nw = tnw.format("hh:mm"): null

2022-08-09 13:43:00 - [TEST_STEP][PASSED] - tn = nw: null

2022-08-09 13:43:00 - [TEST_STEP][PASSED] - if (tn == "01:55"): null

2022-08-09 13:43:00 - [TEST_STEP][PASSED] - delay(1): Delayed 1 second(s)

2022-08-09 13:43:01 - [MESSAGE][PASSED] - Delayed 1 second(s)

2022-08-09 13:43:01 - [TEST_STEP][PASSED] - use(groovy.time.TimeCategory, { -> ... }): null

2022-08-09 13:43:01 - [TEST_STEP][PASSED] - nw = tnw.format("hh:mm"): null

2022-08-09 13:43:01 - [TEST_STEP][PASSED] - tn = nw: null

2022-08-09 13:43:01 - [TEST_STEP][PASSED] - if (tn == "01:55"): null

2022-08-09 13:43:01 - [TEST_STEP][PASSED] - delay(1): Delayed 1 second(s)

2022-08-09 13:43:02 - [MESSAGE][PASSED] - Delayed 1 second(s)

2022-08-09 13:43:02 - [TEST_STEP][PASSED] - use(groovy.time.TimeCategory, { -> ... }): null

2022-08-09 13:43:02 - [TEST_STEP][PASSED] - nw = tnw.format("hh:mm"): null

2022-08-09 13:43:02 - [TEST_STEP][PASSED] - tn = nw: null

2022-08-09 13:43:02 - [TEST_STEP][PASSED] - if (tn == "01:55"): null

2022-08-09 13:43:02 - [TEST_STEP][PASSED] - delay(1): Delayed 1 second(s)

2022-08-09 13:43:03 - [MESSAGE][PASSED] - Delayed 1 second(s)

2022-08-09 13:43:03 - [TEST_STEP][PASSED] - use(groovy.time.TimeCategory, { -> ... }): null

2022-08-09 13:43:03 - [TEST_STEP][PASSED] - nw = tnw.format("hh:mm"): null

2022-08-09 13:43:03 - [TEST_STEP][PASSED] - tn = nw: null

2022-08-09 13:43:03 - [TEST_STEP][PASSED] - if (tn == "01:55"): null

2022-08-09 13:43:03 - [TEST_STEP][PASSED] - delay(1): Delayed 1 second(s)

2022-08-09 13:43:04 - [MESSAGE][PASSED] - Delayed 1 second(s)

2022-08-09 13:43:04 - [TEST_STEP][PASSED] - use(groovy.time.TimeCategory, { -> ... }): null

2022-08-09 13:43:04 - [TEST_STEP][PASSED] - nw = tnw.format("hh:mm"): null

2022-08-09 13:43:04 - [TEST_STEP][PASSED] - tn = nw: null

2022-08-09 13:43:04 - [TEST_STEP][PASSED] - if (tn == "01:55"): null

2022-08-09 13:43:04 - [TEST_STEP][PASSED] - delay(1): Delayed 1 second(s)

2022-08-09 13:43:05 - [MESSAGE][PASSED] - Delayed 1 second(s)

2022-08-09 13:43:05 - [TEST_STEP][PASSED] - use(groovy.time.TimeCategory, { -> ... }): null

2022-08-09 13:43:05 - [TEST_STEP][PASSED] - nw = tnw.format("hh:mm"): null

2022-08-09 13:43:05 - [TEST_STEP][PASSED] - tn = nw: null

2022-08-09 13:43:05 - [TEST_STEP][PASSED] - if (tn == "01:55"): null

2022-08-09 13:43:05 - [TEST_STEP][PASSED] - delay(1): Delayed 1 second(s)

2022-08-09 13:43:06 - [MESSAGE][PASSED] - Delayed 1 second(s)

2022-08-09 13:43:06 - [TEST_STEP][PASSED] - use(groovy.time.TimeCategory, { -> ... }): null

2022-08-09 13:43:06 - [TEST_STEP][PASSED] - nw = tnw.format("hh:mm"): null

2022-08-09 13:43:06 - [TEST_STEP][PASSED] - tn = nw: null

2022-08-09 13:43:06 - [TEST_STEP][PASSED] - if (tn == "01:55"): null

2022-08-09 13:43:06 - [TEST_STEP][PASSED] - delay(1): Delayed 1 second(s)

2022-08-09 13:43:07 - [MESSAGE][PASSED] - Delayed 1 second(s)

2022-08-09 13:43:07 - [TEST_STEP][PASSED] - use(groovy.time.TimeCategory, { -> ... }): null

2022-08-09 13:43:07 - [TEST_STEP][PASSED] - nw = tnw.format("hh:mm"): null

2022-08-09 13:43:07 - [TEST_STEP][PASSED] - tn = nw: null

2022-08-09 13:43:07 - [TEST_STEP][PASSED] - if (tn == "01:55"): null

2022-08-09 13:43:07 - [TEST_STEP][PASSED] - delay(1): Delayed 1 second(s)

2022-08-09 13:43:08 - [MESSAGE][PASSED] - Delayed 1 second(s)

2022-08-09 13:43:08 - [TEST_STEP][PASSED] - use(groovy.time.TimeCategory, { -> ... }): null

2022-08-09 13:43:08 - [TEST_STEP][PASSED] - nw = tnw.format("hh:mm"): null

2022-08-09 13:43:08 - [TEST_STEP][PASSED] - tn = nw: null

2022-08-09 13:43:08 - [TEST_STEP][PASSED] - if (tn == "01:55"): null

2022-08-09 13:43:08 - [TEST_STEP][PASSED] - delay(1): Delayed 1 second(s)

2022-08-09 13:43:09 - [MESSAGE][PASSED] - Delayed 1 second(s)

2022-08-09 13:43:09 - [TEST_STEP][PASSED] - use(groovy.time.TimeCategory, { -> ... }): null

2022-08-09 13:43:09 - [TEST_STEP][PASSED] - nw = tnw.format("hh:mm"): null

2022-08-09 13:43:09 - [TEST_STEP][PASSED] - tn = nw: null

2022-08-09 13:43:09 - [TEST_STEP][PASSED] - if (tn == "01:55"): null

2022-08-09 13:43:09 - [TEST_STEP][PASSED] - delay(1): Delayed 1 second(s)

2022-08-09 13:43:10 - [MESSAGE][PASSED] - Delayed 1 second(s)

2022-08-09 13:43:10 - [TEST_STEP][PASSED] - use(groovy.time.TimeCategory, { -> ... }): null

2022-08-09 13:43:10 - [TEST_STEP][PASSED] - nw = tnw.format("hh:mm"): null

2022-08-09 13:43:10 - [TEST_STEP][PASSED] - tn = nw: null

2022-08-09 13:43:10 - [TEST_STEP][PASSED] - if (tn == "01:55"): null

2022-08-09 13:43:10 - [TEST_STEP][PASSED] - delay(1): Delayed 1 second(s)

2022-08-09 13:43:11 - [MESSAGE][PASSED] - Delayed 1 second(s)

2022-08-09 13:43:11 - [TEST_STEP][PASSED] - use(groovy.time.TimeCategory, { -> ... }): null

2022-08-09 13:43:11 - [TEST_STEP][PASSED] - nw = tnw.format("hh:mm"): null

2022-08-09 13:43:11 - [TEST_STEP][PASSED] - tn = nw: null

2022-08-09 13:43:11 - [TEST_STEP][PASSED] - if (tn == "01:55"): null

2022-08-09 13:43:11 - [TEST_STEP][PASSED] - delay(1): Delayed 1 second(s)

2022-08-09 13:43:12 - [MESSAGE][PASSED] - Delayed 1 second(s)

2022-08-09 13:43:12 - [TEST_STEP][PASSED] - use(groovy.time.TimeCategory, { -> ... }): null

2022-08-09 13:43:12 - [TEST_STEP][PASSED] - nw = tnw.format("hh:mm"): null

2022-08-09 13:43:12 - [TEST_STEP][PASSED] - tn = nw: null

2022-08-09 13:43:12 - [TEST_STEP][PASSED] - if (tn == "01:55"): null

2022-08-09 13:43:12 - [TEST_STEP][PASSED] - delay(1): Delayed 1 second(s)

2022-08-09 13:43:13 - [MESSAGE][PASSED] - Delayed 1 second(s)

2022-08-09 13:43:13 - [TEST_STEP][PASSED] - use(groovy.time.TimeCategory, { -> ... }): null

2022-08-09 13:43:13 - [TEST_STEP][PASSED] - nw = tnw.format("hh:mm"): null

2022-08-09 13:43:13 - [TEST_STEP][PASSED] - tn = nw: null

2022-08-09 13:43:13 - [TEST_STEP][PASSED] - if (tn == "01:55"): null

2022-08-09 13:43:13 - [TEST_STEP][PASSED] - delay(1): Delayed 1 second(s)

2022-08-09 13:43:14 - [MESSAGE][PASSED] - Delayed 1 second(s)

2022-08-09 13:43:14 - [TEST_STEP][PASSED] - use(groovy.time.TimeCategory, { -> ... }): null

2022-08-09 13:43:14 - [TEST_STEP][PASSED] - nw = tnw.format("hh:mm"): null

2022-08-09 13:43:14 - [TEST_STEP][PASSED] - tn = nw: null

2022-08-09 13:43:14 - [TEST_STEP][PASSED] - if (tn == "01:55"): null

2022-08-09 13:43:14 - [TEST_STEP][PASSED] - delay(1): Delayed 1 second(s)

2022-08-09 13:43:15 - [MESSAGE][PASSED] - Delayed 1 second(s)

2022-08-09 13:43:15 - [TEST_STEP][PASSED] - use(groovy.time.TimeCategory, { -> ... }): null

2022-08-09 13:43:15 - [TEST_STEP][PASSED] - nw = tnw.format("hh:mm"): null

2022-08-09 13:43:15 - [TEST_STEP][PASSED] - tn = nw: null

2022-08-09 13:43:15 - [TEST_STEP][PASSED] - if (tn == "01:55"): null

2022-08-09 13:43:15 - [TEST_STEP][PASSED] - delay(1): Delayed 1 second(s)

2022-08-09 13:43:16 - [MESSAGE][PASSED] - Delayed 1 second(s)

2022-08-09 13:43:16 - [TEST_STEP][PASSED] - use(groovy.time.TimeCategory, { -> ... }): null

2022-08-09 13:43:16 - [TEST_STEP][PASSED] - nw = tnw.format("hh:mm"): null

2022-08-09 13:43:16 - [TEST_STEP][PASSED] - tn = nw: null

2022-08-09 13:43:16 - [TEST_STEP][PASSED] - if (tn == "01:55"): null

2022-08-09 13:43:16 - [TEST_STEP][PASSED] - delay(1): Delayed 1 second(s)

2022-08-09 13:43:17 - [MESSAGE][PASSED] - Delayed 1 second(s)

2022-08-09 13:43:17 - [TEST_STEP][PASSED] - use(groovy.time.TimeCategory, { -> ... }): null

2022-08-09 13:43:17 - [TEST_STEP][PASSED] - nw = tnw.format("hh:mm"): null

2022-08-09 13:43:17 - [TEST_STEP][PASSED] - tn = nw: null

2022-08-09 13:43:17 - [TEST_STEP][PASSED] - if (tn == "01:55"): null

2022-08-09 13:43:17 - [TEST_STEP][PASSED] - delay(1): Delayed 1 second(s)

2022-08-09 13:43:18 - [MESSAGE][PASSED] - Delayed 1 second(s)

2022-08-09 13:43:18 - [TEST_STEP][PASSED] - use(groovy.time.TimeCategory, { -> ... }): null

2022-08-09 13:43:18 - [TEST_STEP][PASSED] - nw = tnw.format("hh:mm"): null

2022-08-09 13:43:18 - [TEST_STEP][PASSED] - tn = nw: null

2022-08-09 13:43:18 - [TEST_STEP][PASSED] - if (tn == "01:55"): null

2022-08-09 13:43:18 - [TEST_STEP][PASSED] - delay(1): Delayed 1 second(s)

2022-08-09 13:43:19 - [MESSAGE][PASSED] - Delayed 1 second(s)

2022-08-09 13:43:19 - [TEST_STEP][PASSED] - use(groovy.time.TimeCategory, { -> ... }): null

2022-08-09 13:43:19 - [TEST_STEP][PASSED] - nw = tnw.format("hh:mm"): null

2022-08-09 13:43:19 - [TEST_STEP][PASSED] - tn = nw: null

2022-08-09 13:43:19 - [TEST_STEP][PASSED] - if (tn == "01:55"): null

2022-08-09 13:43:19 - [TEST_STEP][PASSED] - delay(1): Delayed 1 second(s)

2022-08-09 13:43:20 - [MESSAGE][PASSED] - Delayed 1 second(s)

2022-08-09 13:43:20 - [TEST_STEP][PASSED] - use(groovy.time.TimeCategory, { -> ... }): null

2022-08-09 13:43:20 - [TEST_STEP][PASSED] - nw = tnw.format("hh:mm"): null

2022-08-09 13:43:20 - [TEST_STEP][PASSED] - tn = nw: null

2022-08-09 13:43:20 - [TEST_STEP][PASSED] - if (tn == "01:55"): null

2022-08-09 13:43:20 - [TEST_STEP][PASSED] - delay(1): Delayed 1 second(s)

2022-08-09 13:43:21 - [MESSAGE][PASSED] - Delayed 1 second(s)

2022-08-09 13:43:21 - [TEST_STEP][PASSED] - use(groovy.time.TimeCategory, { -> ... }): null

2022-08-09 13:43:21 - [TEST_STEP][PASSED] - nw = tnw.format("hh:mm"): null

2022-08-09 13:43:21 - [TEST_STEP][PASSED] - tn = nw: null

2022-08-09 13:43:21 - [TEST_STEP][PASSED] - if (tn == "01:55"): null

2022-08-09 13:43:21 - [TEST_STEP][PASSED] - delay(1): Delayed 1 second(s)

2022-08-09 13:43:22 - [MESSAGE][PASSED] - Delayed 1 second(s)

2022-08-09 13:43:22 - [TEST_STEP][PASSED] - use(groovy.time.TimeCategory, { -> ... }): null

2022-08-09 13:43:22 - [TEST_STEP][PASSED] - nw = tnw.format("hh:mm"): null

2022-08-09 13:43:22 - [TEST_STEP][PASSED] - tn = nw: null

2022-08-09 13:43:22 - [TEST_STEP][PASSED] - if (tn == "01:55"): null

2022-08-09 13:43:22 - [TEST_STEP][PASSED] - delay(1): Delayed 1 second(s)

2022-08-09 13:43:23 - [MESSAGE][PASSED] - Delayed 1 second(s)

2022-08-09 13:43:23 - [TEST_STEP][PASSED] - use(groovy.time.TimeCategory, { -> ... }): null

2022-08-09 13:43:23 - [TEST_STEP][PASSED] - nw = tnw.format("hh:mm"): null

2022-08-09 13:43:23 - [TEST_STEP][PASSED] - tn = nw: null

2022-08-09 13:43:23 - [TEST_STEP][PASSED] - if (tn == "01:55"): null

2022-08-09 13:43:23 - [TEST_STEP][PASSED] - delay(1): Delayed 1 second(s)

2022-08-09 13:43:24 - [MESSAGE][PASSED] - Delayed 1 second(s)

2022-08-09 13:43:24 - [TEST_STEP][PASSED] - use(groovy.time.TimeCategory, { -> ... }): null

2022-08-09 13:43:24 - [TEST_STEP][PASSED] - nw = tnw.format("hh:mm"): null

2022-08-09 13:43:24 - [TEST_STEP][PASSED] - tn = nw: null

2022-08-09 13:43:24 - [TEST_STEP][PASSED] - if (tn == "01:55"): null

2022-08-09 13:43:24 - [TEST_STEP][PASSED] - delay(1): Delayed 1 second(s)

2022-08-09 13:43:25 - [MESSAGE][PASSED] - Delayed 1 second(s)

2022-08-09 13:43:25 - [TEST_STEP][PASSED] - use(groovy.time.TimeCategory, { -> ... }): null

2022-08-09 13:43:25 - [TEST_STEP][PASSED] - nw = tnw.format("hh:mm"): null

2022-08-09 13:43:25 - [TEST_STEP][PASSED] - tn = nw: null

2022-08-09 13:43:25 - [TEST_STEP][PASSED] - if (tn == "01:55"): null

2022-08-09 13:43:25 - [TEST_STEP][PASSED] - delay(1): Delayed 1 second(s)

2022-08-09 13:43:26 - [MESSAGE][PASSED] - Delayed 1 second(s)

2022-08-09 13:43:26 - [TEST_STEP][PASSED] - use(groovy.time.TimeCategory, { -> ... }): null

2022-08-09 13:43:26 - [TEST_STEP][PASSED] - nw = tnw.format("hh:mm"): null

2022-08-09 13:43:26 - [TEST_STEP][PASSED] - tn = nw: null

2022-08-09 13:43:26 - [TEST_STEP][PASSED] - if (tn == "01:55"): null

2022-08-09 13:43:26 - [TEST_STEP][PASSED] - delay(1): Delayed 1 second(s)

2022-08-09 13:43:27 - [MESSAGE][PASSED] - Delayed 1 second(s)

2022-08-09 13:43:27 - [TEST_STEP][PASSED] - use(groovy.time.TimeCategory, { -> ... }): null

2022-08-09 13:43:27 - [TEST_STEP][PASSED] - nw = tnw.format("hh:mm"): null

2022-08-09 13:43:27 - [TEST_STEP][PASSED] - tn = nw: null

2022-08-09 13:43:27 - [TEST_STEP][PASSED] - if (tn == "01:55"): null

2022-08-09 13:43:27 - [TEST_STEP][PASSED] - delay(1): Delayed 1 second(s)

2022-08-09 13:43:28 - [MESSAGE][PASSED] - Delayed 1 second(s)

2022-08-09 13:43:28 - [TEST_STEP][PASSED] - use(groovy.time.TimeCategory, { -> ... }): null

2022-08-09 13:43:28 - [TEST_STEP][PASSED] - nw = tnw.format("hh:mm"): null

2022-08-09 13:43:28 - [TEST_STEP][PASSED] - tn = nw: null

2022-08-09 13:43:28 - [TEST_STEP][PASSED] - if (tn == "01:55"): null

2022-08-09 13:43:28 - [TEST_STEP][PASSED] - delay(1): Delayed 1 second(s)

2022-08-09 13:43:29 - [MESSAGE][PASSED] - Delayed 1 second(s)

2022-08-09 13:43:29 - [TEST_STEP][PASSED] - use(groovy.time.TimeCategory, { -> ... }): null

2022-08-09 13:43:29 - [TEST_STEP][PASSED] - nw = tnw.format("hh:mm"): null

2022-08-09 13:43:29 - [TEST_STEP][PASSED] - tn = nw: null

2022-08-09 13:43:29 - [TEST_STEP][PASSED] - if (tn == "01:55"): null

2022-08-09 13:43:29 - [TEST_STEP][PASSED] - delay(1): Delayed 1 second(s)

2022-08-09 13:43:30 - [MESSAGE][PASSED] - Delayed 1 second(s)

2022-08-09 13:43:30 - [TEST_STEP][PASSED] - use(groovy.time.TimeCategory, { -> ... }): null

2022-08-09 13:43:30 - [TEST_STEP][PASSED] - nw = tnw.format("hh:mm"): null

2022-08-09 13:43:30 - [TEST_STEP][PASSED] - tn = nw: null

2022-08-09 13:43:30 - [TEST_STEP][PASSED] - if (tn == "01:55"): null

2022-08-09 13:43:30 - [TEST_STEP][PASSED] - delay(1): Delayed 1 second(s)

2022-08-09 13:43:31 - [MESSAGE][PASSED] - Delayed 1 second(s)

2022-08-09 13:43:31 - [TEST_STEP][PASSED] - use(groovy.time.TimeCategory, { -> ... }): null

2022-08-09 13:43:31 - [TEST_STEP][PASSED] - nw = tnw.format("hh:mm"): null

2022-08-09 13:43:31 - [TEST_STEP][PASSED] - tn = nw: null

2022-08-09 13:43:31 - [TEST_STEP][PASSED] - if (tn == "01:55"): null

2022-08-09 13:43:31 - [TEST_STEP][PASSED] - delay(1): Delayed 1 second(s)

2022-08-09 13:43:32 - [MESSAGE][PASSED] - Delayed 1 second(s)

2022-08-09 13:43:32 - [TEST_STEP][PASSED] - use(groovy.time.TimeCategory, { -> ... }): null

2022-08-09 13:43:32 - [TEST_STEP][PASSED] - nw = tnw.format("hh:mm"): null

2022-08-09 13:43:32 - [TEST_STEP][PASSED] - tn = nw: null

2022-08-09 13:43:32 - [TEST_STEP][PASSED] - if (tn == "01:55"): null

2022-08-09 13:43:32 - [TEST_STEP][PASSED] - delay(1): Delayed 1 second(s)

2022-08-09 13:43:33 - [MESSAGE][PASSED] - Delayed 1 second(s)

2022-08-09 13:43:33 - [TEST_STEP][PASSED] - use(groovy.time.TimeCategory, { -> ... }): null

2022-08-09 13:43:33 - [TEST_STEP][PASSED] - nw = tnw.format("hh:mm"): null

2022-08-09 13:43:33 - [TEST_STEP][PASSED] - tn = nw: null

2022-08-09 13:43:33 - [TEST_STEP][PASSED] - if (tn == "01:55"): null

2022-08-09 13:43:33 - [TEST_STEP][PASSED] - delay(1): Delayed 1 second(s)

2022-08-09 13:43:34 - [MESSAGE][PASSED] - Delayed 1 second(s)

2022-08-09 13:43:34 - [TEST_STEP][PASSED] - use(groovy.time.TimeCategory, { -> ... }): null

2022-08-09 13:43:34 - [TEST_STEP][PASSED] - nw = tnw.format("hh:mm"): null

2022-08-09 13:43:34 - [TEST_STEP][PASSED] - tn = nw: null

2022-08-09 13:43:34 - [TEST_STEP][PASSED] - if (tn == "01:55"): null

2022-08-09 13:43:34 - [TEST_STEP][PASSED] - delay(1): Delayed 1 second(s)

2022-08-09 13:43:35 - [MESSAGE][PASSED] - Delayed 1 second(s)

2022-08-09 13:43:35 - [TEST_STEP][PASSED] - use(groovy.time.TimeCategory, { -> ... }): null

2022-08-09 13:43:35 - [TEST_STEP][PASSED] - nw = tnw.format("hh:mm"): null

2022-08-09 13:43:35 - [TEST_STEP][PASSED] - tn = nw: null

2022-08-09 13:43:35 - [TEST_STEP][PASSED] - if (tn == "01:55"): null

2022-08-09 13:43:35 - [TEST_STEP][PASSED] - delay(1): Delayed 1 second(s)

2022-08-09 13:43:36 - [MESSAGE][PASSED] - Delayed 1 second(s)

2022-08-09 13:43:36 - [TEST_STEP][PASSED] - use(groovy.time.TimeCategory, { -> ... }): null

2022-08-09 13:43:36 - [TEST_STEP][PASSED] - nw = tnw.format("hh:mm"): null

2022-08-09 13:43:36 - [TEST_STEP][PASSED] - tn = nw: null

2022-08-09 13:43:36 - [TEST_STEP][PASSED] - if (tn == "01:55"): null

2022-08-09 13:43:36 - [TEST_STEP][PASSED] - delay(1): Delayed 1 second(s)

2022-08-09 13:43:37 - [MESSAGE][PASSED] - Delayed 1 second(s)

2022-08-09 13:43:37 - [TEST_STEP][PASSED] - use(groovy.time.TimeCategory, { -> ... }): null

2022-08-09 13:43:37 - [TEST_STEP][PASSED] - nw = tnw.format("hh:mm"): null

2022-08-09 13:43:37 - [TEST_STEP][PASSED] - tn = nw: null

2022-08-09 13:43:37 - [TEST_STEP][PASSED] - if (tn == "01:55"): null

2022-08-09 13:43:37 - [TEST_STEP][PASSED] - delay(1): Delayed 1 second(s)

2022-08-09 13:43:38 - [MESSAGE][PASSED] - Delayed 1 second(s)

2022-08-09 13:43:38 - [TEST_STEP][PASSED] - use(groovy.time.TimeCategory, { -> ... }): null

2022-08-09 13:43:38 - [TEST_STEP][PASSED] - nw = tnw.format("hh:mm"): null

2022-08-09 13:43:38 - [TEST_STEP][PASSED] - tn = nw: null

2022-08-09 13:43:38 - [TEST_STEP][PASSED] - if (tn == "01:55"): null

2022-08-09 13:43:38 - [TEST_STEP][PASSED] - delay(1): Delayed 1 second(s)

2022-08-09 13:43:39 - [MESSAGE][PASSED] - Delayed 1 second(s)

2022-08-09 13:43:39 - [TEST_STEP][PASSED] - use(groovy.time.TimeCategory, { -> ... }): null

2022-08-09 13:43:39 - [TEST_STEP][PASSED] - nw = tnw.format("hh:mm"): null

2022-08-09 13:43:39 - [TEST_STEP][PASSED] - tn = nw: null

2022-08-09 13:43:39 - [TEST_STEP][PASSED] - if (tn == "01:55"): null

2022-08-09 13:43:39 - [TEST_STEP][PASSED] - delay(1): Delayed 1 second(s)

2022-08-09 13:43:40 - [MESSAGE][PASSED] - Delayed 1 second(s)

2022-08-09 13:43:40 - [TEST_STEP][PASSED] - use(groovy.time.TimeCategory, { -> ... }): null

2022-08-09 13:43:40 - [TEST_STEP][PASSED] - nw = tnw.format("hh:mm"): null

2022-08-09 13:43:40 - [TEST_STEP][PASSED] - tn = nw: null

2022-08-09 13:43:40 - [TEST_STEP][PASSED] - if (tn == "01:55"): null

2022-08-09 13:43:40 - [TEST_STEP][PASSED] - delay(1): Delayed 1 second(s)

2022-08-09 13:43:41 - [MESSAGE][PASSED] - Delayed 1 second(s)

2022-08-09 13:43:41 - [TEST_STEP][PASSED] - use(groovy.time.TimeCategory, { -> ... }): null

2022-08-09 13:43:41 - [TEST_STEP][PASSED] - nw = tnw.format("hh:mm"): null

2022-08-09 13:43:41 - [TEST_STEP][PASSED] - tn = nw: null

2022-08-09 13:43:41 - [TEST_STEP][PASSED] - if (tn == "01:55"): null

2022-08-09 13:43:41 - [TEST_STEP][PASSED] - delay(1): Delayed 1 second(s)

2022-08-09 13:43:42 - [MESSAGE][PASSED] - Delayed 1 second(s)

2022-08-09 13:43:42 - [TEST_STEP][PASSED] - use(groovy.time.TimeCategory, { -> ... }): null

2022-08-09 13:43:42 - [TEST_STEP][PASSED] - nw = tnw.format("hh:mm"): null

2022-08-09 13:43:42 - [TEST_STEP][PASSED] - tn = nw: null

2022-08-09 13:43:42 - [TEST_STEP][PASSED] - if (tn == "01:55"): null

2022-08-09 13:43:42 - [TEST_STEP][PASSED] - delay(1): Delayed 1 second(s)

2022-08-09 13:43:43 - [MESSAGE][PASSED] - Delayed 1 second(s)

2022-08-09 13:43:43 - [TEST_STEP][PASSED] - use(groovy.time.TimeCategory, { -> ... }): null

2022-08-09 13:43:43 - [TEST_STEP][PASSED] - nw = tnw.format("hh:mm"): null

2022-08-09 13:43:43 - [TEST_STEP][PASSED] - tn = nw: null

2022-08-09 13:43:43 - [TEST_STEP][PASSED] - if (tn == "01:55"): null

2022-08-09 13:43:43 - [TEST_STEP][PASSED] - delay(1): Delayed 1 second(s)

2022-08-09 13:43:44 - [MESSAGE][PASSED] - Delayed 1 second(s)

2022-08-09 13:43:44 - [TEST_STEP][PASSED] - use(groovy.time.TimeCategory, { -> ... }): null

2022-08-09 13:43:44 - [TEST_STEP][PASSED] - nw = tnw.format("hh:mm"): null

2022-08-09 13:43:44 - [TEST_STEP][PASSED] - tn = nw: null

2022-08-09 13:43:44 - [TEST_STEP][PASSED] - if (tn == "01:55"): null

2022-08-09 13:43:44 - [TEST_STEP][PASSED] - delay(1): Delayed 1 second(s)

2022-08-09 13:43:45 - [MESSAGE][PASSED] - Delayed 1 second(s)

2022-08-09 13:43:45 - [TEST_STEP][PASSED] - use(groovy.time.TimeCategory, { -> ... }): null

2022-08-09 13:43:45 - [TEST_STEP][PASSED] - nw = tnw.format("hh:mm"): null

2022-08-09 13:43:45 - [TEST_STEP][PASSED] - tn = nw: null

2022-08-09 13:43:45 - [TEST_STEP][PASSED] - if (tn == "01:55"): null

2022-08-09 13:43:45 - [TEST_STEP][PASSED] - delay(1): Delayed 1 second(s)

2022-08-09 13:43:46 - [MESSAGE][PASSED] - Delayed 1 second(s)

2022-08-09 13:43:46 - [TEST_STEP][PASSED] - use(groovy.time.TimeCategory, { -> ... }): null

2022-08-09 13:43:46 - [TEST_STEP][PASSED] - nw = tnw.format("hh:mm"): null

2022-08-09 13:43:46 - [TEST_STEP][PASSED] - tn = nw: null

2022-08-09 13:43:46 - [TEST_STEP][PASSED] - if (tn == "01:55"): null

2022-08-09 13:43:46 - [TEST_STEP][PASSED] - delay(1): Delayed 1 second(s)

2022-08-09 13:43:47 - [MESSAGE][PASSED] - Delayed 1 second(s)

2022-08-09 13:43:47 - [TEST_STEP][PASSED] - use(groovy.time.TimeCategory, { -> ... }): null

2022-08-09 13:43:47 - [TEST_STEP][PASSED] - nw = tnw.format("hh:mm"): null

2022-08-09 13:43:47 - [TEST_STEP][PASSED] - tn = nw: null

2022-08-09 13:43:47 - [TEST_STEP][PASSED] - if (tn == "01:55"): null

2022-08-09 13:43:47 - [TEST_STEP][PASSED] - delay(1): Delayed 1 second(s)

2022-08-09 13:43:48 - [MESSAGE][PASSED] - Delayed 1 second(s)

2022-08-09 13:43:48 - [TEST_STEP][PASSED] - use(groovy.time.TimeCategory, { -> ... }): null

2022-08-09 13:43:48 - [TEST_STEP][PASSED] - nw = tnw.format("hh:mm"): null

2022-08-09 13:43:48 - [TEST_STEP][PASSED] - tn = nw: null

2022-08-09 13:43:48 - [TEST_STEP][PASSED] - if (tn == "01:55"): null

2022-08-09 13:43:48 - [TEST_STEP][PASSED] - delay(1): Delayed 1 second(s)

2022-08-09 13:43:49 - [MESSAGE][PASSED] - Delayed 1 second(s)

2022-08-09 13:43:49 - [TEST_STEP][PASSED] - use(groovy.time.TimeCategory, { -> ... }): null

2022-08-09 13:43:49 - [TEST_STEP][PASSED] - nw = tnw.format("hh:mm"): null

2022-08-09 13:43:49 - [TEST_STEP][PASSED] - tn = nw: null

2022-08-09 13:43:49 - [TEST_STEP][PASSED] - if (tn == "01:55"): null

2022-08-09 13:43:49 - [TEST_STEP][PASSED] - delay(1): Delayed 1 second(s)

2022-08-09 13:43:50 - [MESSAGE][PASSED] - Delayed 1 second(s)

2022-08-09 13:43:50 - [TEST_STEP][PASSED] - use(groovy.time.TimeCategory, { -> ... }): null

2022-08-09 13:43:50 - [TEST_STEP][PASSED] - nw = tnw.format("hh:mm"): null

2022-08-09 13:43:50 - [TEST_STEP][PASSED] - tn = nw: null

2022-08-09 13:43:50 - [TEST_STEP][PASSED] - if (tn == "01:55"): null

2022-08-09 13:43:50 - [TEST_STEP][PASSED] - delay(1): Delayed 1 second(s)

2022-08-09 13:43:51 - [MESSAGE][PASSED] - Delayed 1 second(s)

2022-08-09 13:43:51 - [TEST_STEP][PASSED] - use(groovy.time.TimeCategory, { -> ... }): null

2022-08-09 13:43:51 - [TEST_STEP][PASSED] - nw = tnw.format("hh:mm"): null

2022-08-09 13:43:51 - [TEST_STEP][PASSED] - tn = nw: null

2022-08-09 13:43:51 - [TEST_STEP][PASSED] - if (tn == "01:55"): null

2022-08-09 13:43:51 - [TEST_STEP][PASSED] - delay(1): Delayed 1 second(s)

2022-08-09 13:43:52 - [MESSAGE][PASSED] - Delayed 1 second(s)

2022-08-09 13:43:52 - [TEST_STEP][PASSED] - use(groovy.time.TimeCategory, { -> ... }): null

2022-08-09 13:43:52 - [TEST_STEP][PASSED] - nw = tnw.format("hh:mm"): null

2022-08-09 13:43:52 - [TEST_STEP][PASSED] - tn = nw: null

2022-08-09 13:43:52 - [TEST_STEP][PASSED] - if (tn == "01:55"): null

2022-08-09 13:43:52 - [TEST_STEP][PASSED] - delay(1): Delayed 1 second(s)

2022-08-09 13:43:53 - [MESSAGE][PASSED] - Delayed 1 second(s)

2022-08-09 13:43:53 - [TEST_STEP][PASSED] - use(groovy.time.TimeCategory, { -> ... }): null

2022-08-09 13:43:53 - [TEST_STEP][PASSED] - nw = tnw.format("hh:mm"): null

2022-08-09 13:43:53 - [TEST_STEP][PASSED] - tn = nw: null

2022-08-09 13:43:53 - [TEST_STEP][PASSED] - if (tn == "01:55"): null

2022-08-09 13:43:53 - [TEST_STEP][PASSED] - delay(1): Delayed 1 second(s)

2022-08-09 13:43:54 - [MESSAGE][PASSED] - Delayed 1 second(s)

2022-08-09 13:43:54 - [TEST_STEP][PASSED] - use(groovy.time.TimeCategory, { -> ... }): null

2022-08-09 13:43:54 - [TEST_STEP][PASSED] - nw = tnw.format("hh:mm"): null

2022-08-09 13:43:55 - [TEST_STEP][PASSED] - tn = nw: null

2022-08-09 13:43:55 - [TEST_STEP][PASSED] - if (tn == "01:55"): null

2022-08-09 13:43:55 - [TEST_STEP][PASSED] - delay(1): Delayed 1 second(s)

2022-08-09 13:43:56 - [MESSAGE][PASSED] - Delayed 1 second(s)

2022-08-09 13:43:56 - [TEST_STEP][PASSED] - use(groovy.time.TimeCategory, { -> ... }): null

2022-08-09 13:43:56 - [TEST_STEP][PASSED] - nw = tnw.format("hh:mm"): null

2022-08-09 13:43:56 - [TEST_STEP][PASSED] - tn = nw: null

2022-08-09 13:43:56 - [TEST_STEP][PASSED] - if (tn == "01:55"): null

2022-08-09 13:43:56 - [TEST_STEP][PASSED] - delay(1): Delayed 1 second(s)

2022-08-09 13:43:57 - [MESSAGE][PASSED] - Delayed 1 second(s)

2022-08-09 13:43:57 - [TEST_STEP][PASSED] - use(groovy.time.TimeCategory, { -> ... }): null

2022-08-09 13:43:57 - [TEST_STEP][PASSED] - nw = tnw.format("hh:mm"): null

2022-08-09 13:43:57 - [TEST_STEP][PASSED] - tn = nw: null

2022-08-09 13:43:57 - [TEST_STEP][PASSED] - if (tn == "01:55"): null

2022-08-09 13:43:57 - [TEST_STEP][PASSED] - delay(1): Delayed 1 second(s)

2022-08-09 13:43:58 - [MESSAGE][PASSED] - Delayed 1 second(s)

[...]

2022-08-09 14:04:17 - [TEST_STEP][PASSED] - tu = nuw: null

2022-08-09 14:04:17 - [TEST_STEP][PASSED] - if (tu == "02:05"): null

2022-08-09 14:04:17 - [TEST_STEP][PASSED] - delay(1): Delayed 1 second(s)

2022-08-09 14:04:18 - [MESSAGE][PASSED] - Delayed 1 second(s)

2022-08-09 14:04:18 - [TEST_STEP][PASSED] - use(groovy.time.TimeCategory, { -> ... }): null

2022-08-09 14:04:18 - [TEST_STEP][PASSED] - nuw = tuw.format("hh:mm"): null

2022-08-09 14:04:18 - [TEST_STEP][PASSED] - tu = nuw: null

2022-08-09 14:04:18 - [TEST_STEP][PASSED] - if (tu == "02:05"): null

2022-08-09 14:04:18 - [TEST_STEP][PASSED] - delay(1): Delayed 1 second(s)

2022-08-09 14:04:19 - [MESSAGE][PASSED] - Delayed 1 second(s)

2022-08-09 14:04:19 - [TEST_STEP][PASSED] - use(groovy.time.TimeCategory, { -> ... }): null

2022-08-09 14:04:19 - [TEST_STEP][PASSED] - nuw = tuw.format("hh:mm"): null

2022-08-09 14:04:19 - [TEST_STEP][PASSED] - tu = nuw: null

2022-08-09 14:04:19 - [TEST_STEP][PASSED] - if (tu == "02:05"): null

2022-08-09 14:04:19 - [TEST_STEP][PASSED] - delay(1): Delayed 1 second(s)

2022-08-09 14:04:20 - [MESSAGE][PASSED] - Delayed 1 second(s)

2022-08-09 14:04:20 - [TEST_STEP][PASSED] - use(groovy.time.TimeCategory, { -> ... }): null

2022-08-09 14:04:20 - [TEST_STEP][PASSED] - nuw = tuw.format("hh:mm"): null

2022-08-09 14:04:20 - [TEST_STEP][PASSED] - tu = nuw: null

2022-08-09 14:04:20 - [TEST_STEP][PASSED] - if (tu == "02:05"): null

2022-08-09 14:04:20 - [TEST_STEP][PASSED] - delay(1): Delayed 1 second(s)

2022-08-09 14:04:21 - [MESSAGE][PASSED] - Delayed 1 second(s)

2022-08-09 14:04:21 - [TEST_STEP][PASSED] - use(groovy.time.TimeCategory, { -> ... }): null

2022-08-09 14:04:21 - [TEST_STEP][PASSED] - nuw = tuw.format("hh:mm"): null

2022-08-09 14:04:21 - [TEST_STEP][PASSED] - tu = nuw: null

2022-08-09 14:04:21 - [TEST_STEP][PASSED] - if (tu == "02:05"): null

2022-08-09 14:04:21 - [TEST_STEP][PASSED] - delay(1): Delayed 1 second(s)

2022-08-09 14:04:22 - [MESSAGE][PASSED] - Delayed 1 second(s)

2022-08-09 14:04:22 - [TEST_STEP][PASSED] - use(groovy.time.TimeCategory, { -> ... }): null

2022-08-09 14:04:22 - [TEST_STEP][PASSED] - nuw = tuw.format("hh:mm"): null

2022-08-09 14:04:22 - [TEST_STEP][PASSED] - tu = nuw: null

2022-08-09 14:04:22 - [TEST_STEP][PASSED] - if (tu == "02:05"): null

2022-08-09 14:04:22 - [TEST_STEP][PASSED] - delay(1): Delayed 1 second(s)

2022-08-09 14:04:23 - [MESSAGE][PASSED] - Delayed 1 second(s)

2022-08-09 14:04:23 - [TEST_STEP][PASSED] - use(groovy.time.TimeCategory, { -> ... }): null

2022-08-09 14:04:23 - [TEST_STEP][PASSED] - nuw = tuw.format("hh:mm"): null

2022-08-09 14:04:23 - [TEST_STEP][PASSED] - tu = nuw: null

2022-08-09 14:04:23 - [TEST_STEP][PASSED] - if (tu == "02:05"): null

2022-08-09 14:04:23 - [TEST_STEP][PASSED] - delay(1): Delayed 1 second(s)

2022-08-09 14:04:24 - [MESSAGE][PASSED] - Delayed 1 second(s)

2022-08-09 14:04:24 - [TEST_STEP][PASSED] - use(groovy.time.TimeCategory, { -> ... }): null

2022-08-09 14:04:24 - [TEST_STEP][PASSED] - nuw = tuw.format("hh:mm"): null

2022-08-09 14:04:24 - [TEST_STEP][PASSED] - tu = nuw: null

2022-08-09 14:04:24 - [TEST_STEP][PASSED] - if (tu == "02:05"): null

2022-08-09 14:04:24 - [TEST_STEP][PASSED] - delay(1): Delayed 1 second(s)

2022-08-09 14:04:25 - [MESSAGE][PASSED] - Delayed 1 second(s)

2022-08-09 14:04:25 - [TEST_STEP][PASSED] - use(groovy.time.TimeCategory, { -> ... }): null

2022-08-09 14:04:25 - [TEST_STEP][PASSED] - nuw = tuw.format("hh:mm"): null

2022-08-09 14:04:25 - [TEST_STEP][PASSED] - tu = nuw: null

2022-08-09 14:04:25 - [TEST_STEP][PASSED] - if (tu == "02:05"): null

2022-08-09 14:04:25 - [TEST_STEP][PASSED] - delay(1): Delayed 1 second(s)

2022-08-09 14:04:26 - [MESSAGE][PASSED] - Delayed 1 second(s)

2022-08-09 14:04:26 - [TEST_STEP][PASSED] - use(groovy.time.TimeCategory, { -> ... }): null

2022-08-09 14:04:26 - [TEST_STEP][PASSED] - nuw = tuw.format("hh:mm"): null

2022-08-09 14:04:26 - [TEST_STEP][PASSED] - tu = nuw: null

2022-08-09 14:04:26 - [TEST_STEP][PASSED] - if (tu == "02:05"): null

2022-08-09 14:04:26 - [TEST_STEP][PASSED] - delay(1): Delayed 1 second(s)

2022-08-09 14:04:27 - [MESSAGE][PASSED] - Delayed 1 second(s)

2022-08-09 14:04:27 - [TEST_STEP][PASSED] - use(groovy.time.TimeCategory, { -> ... }): null

2022-08-09 14:04:27 - [TEST_STEP][PASSED] - nuw = tuw.format("hh:mm"): null

2022-08-09 14:04:27 - [TEST_STEP][PASSED] - tu = nuw: null

2022-08-09 14:04:27 - [TEST_STEP][PASSED] - if (tu == "02:05"): null

2022-08-09 14:04:27 - [TEST_STEP][PASSED] - delay(1): Delayed 1 second(s)

2022-08-09 14:04:28 - [MESSAGE][PASSED] - Delayed 1 second(s)

2022-08-09 14:04:28 - [TEST_STEP][PASSED] - use(groovy.time.TimeCategory, { -> ... }): null

2022-08-09 14:04:28 - [TEST_STEP][PASSED] - nuw = tuw.format("hh:mm"): null

2022-08-09 14:04:28 - [TEST_STEP][PASSED] - tu = nuw: null

2022-08-09 14:04:28 - [TEST_STEP][PASSED] - if (tu == "02:05"): null

2022-08-09 14:04:28 - [TEST_STEP][PASSED] - delay(1): Delayed 1 second(s)

2022-08-09 14:04:29 - [MESSAGE][PASSED] - Delayed 1 second(s)

2022-08-09 14:04:29 - [TEST_STEP][PASSED] - use(groovy.time.TimeCategory, { -> ... }): null

2022-08-09 14:04:29 - [TEST_STEP][PASSED] - nuw = tuw.format("hh:mm"): null

2022-08-09 14:04:29 - [TEST_STEP][PASSED] - tu = nuw: null

2022-08-09 14:04:29 - [TEST_STEP][PASSED] - if (tu == "02:05"): null

2022-08-09 14:04:29 - [TEST_STEP][PASSED] - delay(1): Delayed 1 second(s)

2022-08-09 14:04:30 - [MESSAGE][PASSED] - Delayed 1 second(s)

2022-08-09 14:04:30 - [TEST_STEP][PASSED] - use(groovy.time.TimeCategory, { -> ... }): null

2022-08-09 14:04:30 - [TEST_STEP][PASSED] - nuw = tuw.format("hh:mm"): null

2022-08-09 14:04:30 - [TEST_STEP][PASSED] - tu = nuw: null

2022-08-09 14:04:30 - [TEST_STEP][PASSED] - if (tu == "02:05"): null

2022-08-09 14:04:30 - [TEST_STEP][PASSED] - delay(1): Delayed 1 second(s)

2022-08-09 14:04:31 - [MESSAGE][PASSED] - Delayed 1 second(s)

2022-08-09 14:04:31 - [TEST_STEP][PASSED] - use(groovy.time.TimeCategory, { -> ... }): null

2022-08-09 14:04:31 - [TEST_STEP][PASSED] - nuw = tuw.format("hh:mm"): null

2022-08-09 14:04:31 - [TEST_STEP][PASSED] - tu = nuw: null

2022-08-09 14:04:31 - [TEST_STEP][PASSED] - if (tu == "02:05"): null

2022-08-09 14:04:31 - [TEST_STEP][PASSED] - delay(1): Delayed 1 second(s)

2022-08-09 14:04:32 - [MESSAGE][PASSED] - Delayed 1 second(s)

2022-08-09 14:04:32 - [TEST_STEP][PASSED] - use(groovy.time.TimeCategory, { -> ... }): null

2022-08-09 14:04:32 - [TEST_STEP][PASSED] - nuw = tuw.format("hh:mm"): null

2022-08-09 14:04:32 - [TEST_STEP][PASSED] - tu = nuw: null

2022-08-09 14:04:32 - [TEST_STEP][PASSED] - if (tu == "02:05"): null

2022-08-09 14:04:32 - [TEST_STEP][PASSED] - delay(1): Delayed 1 second(s)

2022-08-09 14:04:33 - [MESSAGE][PASSED] - Delayed 1 second(s)

2022-08-09 14:04:33 - [TEST_STEP][PASSED] - use(groovy.time.TimeCategory, { -> ... }): null

2022-08-09 14:04:33 - [TEST_STEP][PASSED] - nuw = tuw.format("hh:mm"): null

2022-08-09 14:04:33 - [TEST_STEP][PASSED] - tu = nuw: null

2022-08-09 14:04:33 - [TEST_STEP][PASSED] - if (tu == "02:05"): null

2022-08-09 14:04:33 - [TEST_STEP][PASSED] - delay(1): Delayed 1 second(s)

2022-08-09 14:04:34 - [MESSAGE][PASSED] - Delayed 1 second(s)

2022-08-09 14:04:34 - [TEST_STEP][PASSED] - use(groovy.time.TimeCategory, { -> ... }): null

2022-08-09 14:04:34 - [TEST_STEP][PASSED] - nuw = tuw.format("hh:mm"): null

2022-08-09 14:04:34 - [TEST_STEP][PASSED] - tu = nuw: null

2022-08-09 14:04:34 - [TEST_STEP][PASSED] - if (tu == "02:05"): null

2022-08-09 14:04:34 - [TEST_STEP][PASSED] - delay(1): Delayed 1 second(s)

2022-08-09 14:04:35 - [MESSAGE][PASSED] - Delayed 1 second(s)

2022-08-09 14:04:35 - [TEST_STEP][PASSED] - use(groovy.time.TimeCategory, { -> ... }): null

2022-08-09 14:04:35 - [TEST_STEP][PASSED] - nuw = tuw.format("hh:mm"): null

2022-08-09 14:04:35 - [TEST_STEP][PASSED] - tu = nuw: null

2022-08-09 14:04:35 - [TEST_STEP][PASSED] - if (tu == "02:05"): null

2022-08-09 14:04:35 - [TEST_STEP][PASSED] - delay(1): Delayed 1 second(s)

2022-08-09 14:04:36 - [MESSAGE][PASSED] - Delayed 1 second(s)

2022-08-09 14:04:36 - [TEST_STEP][PASSED] - use(groovy.time.TimeCategory, { -> ... }): null

2022-08-09 14:04:36 - [TEST_STEP][PASSED] - nuw = tuw.format("hh:mm"): null

2022-08-09 14:04:36 - [TEST_STEP][PASSED] - tu = nuw: null

2022-08-09 14:04:36 - [TEST_STEP][PASSED] - if (tu == "02:05"): null

2022-08-09 14:04:36 - [TEST_STEP][PASSED] - delay(1): Delayed 1 second(s)

2022-08-09 14:04:37 - [MESSAGE][PASSED] - Delayed 1 second(s)

2022-08-09 14:04:37 - [TEST_STEP][PASSED] - use(groovy.time.TimeCategory, { -> ... }): null

2022-08-09 14:04:37 - [TEST_STEP][PASSED] - nuw = tuw.format("hh:mm"): null

2022-08-09 14:04:37 - [TEST_STEP][PASSED] - tu = nuw: null

2022-08-09 14:04:37 - [TEST_STEP][PASSED] - if (tu == "02:05"): null

2022-08-09 14:04:37 - [TEST_STEP][PASSED] - delay(1): Delayed 1 second(s)

2022-08-09 14:04:38 - [MESSAGE][PASSED] - Delayed 1 second(s)

2022-08-09 14:04:38 - [TEST_STEP][PASSED] - use(groovy.time.TimeCategory, { -> ... }): null

2022-08-09 14:04:38 - [TEST_STEP][PASSED] - nuw = tuw.format("hh:mm"): null

2022-08-09 14:04:38 - [TEST_STEP][PASSED] - tu = nuw: null

2022-08-09 14:04:38 - [TEST_STEP][PASSED] - if (tu == "02:05"): null

2022-08-09 14:04:38 - [TEST_STEP][PASSED] - delay(1): Delayed 1 second(s)

2022-08-09 14:04:39 - [MESSAGE][PASSED] - Delayed 1 second(s)

2022-08-09 14:04:39 - [TEST_STEP][PASSED] - use(groovy.time.TimeCategory, { -> ... }): null

2022-08-09 14:04:39 - [TEST_STEP][PASSED] - nuw = tuw.format("hh:mm"): null

2022-08-09 14:04:39 - [TEST_STEP][PASSED] - tu = nuw: null

2022-08-09 14:04:39 - [TEST_STEP][PASSED] - if (tu == "02:05"): null

2022-08-09 14:04:39 - [TEST_STEP][PASSED] - delay(1): Delayed 1 second(s)

2022-08-09 14:04:40 - [MESSAGE][PASSED] - Delayed 1 second(s)

2022-08-09 14:04:40 - [TEST_STEP][PASSED] - use(groovy.time.TimeCategory, { -> ... }): null

2022-08-09 14:04:40 - [TEST_STEP][PASSED] - nuw = tuw.format("hh:mm"): null

2022-08-09 14:04:40 - [TEST_STEP][PASSED] - tu = nuw: null

2022-08-09 14:04:40 - [TEST_STEP][PASSED] - if (tu == "02:05"): null

2022-08-09 14:04:40 - [TEST_STEP][PASSED] - delay(1): Delayed 1 second(s)

2022-08-09 14:04:41 - [MESSAGE][PASSED] - Delayed 1 second(s)

2022-08-09 14:04:41 - [TEST_STEP][PASSED] - use(groovy.time.TimeCategory, { -> ... }): null

2022-08-09 14:04:41 - [TEST_STEP][PASSED] - nuw = tuw.format("hh:mm"): null

2022-08-09 14:04:41 - [TEST_STEP][PASSED] - tu = nuw: null

2022-08-09 14:04:41 - [TEST_STEP][PASSED] - if (tu == "02:05"): null

2022-08-09 14:04:41 - [TEST_STEP][PASSED] - delay(1): Delayed 1 second(s)

2022-08-09 14:04:42 - [MESSAGE][PASSED] - Delayed 1 second(s)

2022-08-09 14:04:42 - [TEST_STEP][PASSED] - use(groovy.time.TimeCategory, { -> ... }): null

2022-08-09 14:04:42 - [TEST_STEP][PASSED] - nuw = tuw.format("hh:mm"): null

2022-08-09 14:04:42 - [TEST_STEP][PASSED] - tu = nuw: null

2022-08-09 14:04:42 - [TEST_STEP][PASSED] - if (tu == "02:05"): null

2022-08-09 14:04:42 - [TEST_STEP][PASSED] - delay(1): Delayed 1 second(s)

2022-08-09 14:04:43 - [MESSAGE][PASSED] - Delayed 1 second(s)

2022-08-09 14:04:43 - [TEST_STEP][PASSED] - use(groovy.time.TimeCategory, { -> ... }): null

2022-08-09 14:04:43 - [TEST_STEP][PASSED] - nuw = tuw.format("hh:mm"): null

2022-08-09 14:04:43 - [TEST_STEP][PASSED] - tu = nuw: null

2022-08-09 14:04:43 - [TEST_STEP][PASSED] - if (tu == "02:05"): null

2022-08-09 14:04:43 - [TEST_STEP][PASSED] - delay(1): Delayed 1 second(s)

2022-08-09 14:04:44 - [MESSAGE][PASSED] - Delayed 1 second(s)

2022-08-09 14:04:44 - [TEST_STEP][PASSED] - use(groovy.time.TimeCategory, { -> ... }): null

2022-08-09 14:04:44 - [TEST_STEP][PASSED] - nuw = tuw.format("hh:mm"): null

2022-08-09 14:04:44 - [TEST_STEP][PASSED] - tu = nuw: null

2022-08-09 14:04:44 - [TEST_STEP][PASSED] - if (tu == "02:05"): null

2022-08-09 14:04:44 - [TEST_STEP][PASSED] - delay(1): Delayed 1 second(s)

2022-08-09 14:04:45 - [MESSAGE][PASSED] - Delayed 1 second(s)

2022-08-09 14:04:45 - [TEST_STEP][PASSED] - use(groovy.time.TimeCategory, { -> ... }): null

2022-08-09 14:04:45 - [TEST_STEP][PASSED] - nuw = tuw.format("hh:mm"): null

2022-08-09 14:04:45 - [TEST_STEP][PASSED] - tu = nuw: null

2022-08-09 14:04:45 - [TEST_STEP][PASSED] - if (tu == "02:05"): null

2022-08-09 14:04:45 - [TEST_STEP][PASSED] - delay(1): Delayed 1 second(s)

2022-08-09 14:04:46 - [MESSAGE][PASSED] - Delayed 1 second(s)

2022-08-09 14:04:46 - [TEST_STEP][PASSED] - use(groovy.time.TimeCategory, { -> ... }): null

2022-08-09 14:04:46 - [TEST_STEP][PASSED] - nuw = tuw.format("hh:mm"): null

2022-08-09 14:04:46 - [TEST_STEP][PASSED] - tu = nuw: null

2022-08-09 14:04:46 - [TEST_STEP][PASSED] - if (tu == "02:05"): null

2022-08-09 14:04:46 - [TEST_STEP][PASSED] - delay(1): Delayed 1 second(s)

2022-08-09 14:04:47 - [MESSAGE][PASSED] - Delayed 1 second(s)

2022-08-09 14:04:47 - [TEST_STEP][PASSED] - use(groovy.time.TimeCategory, { -> ... }): null

2022-08-09 14:04:47 - [TEST_STEP][PASSED] - nuw = tuw.format("hh:mm"): null

2022-08-09 14:04:47 - [TEST_STEP][PASSED] - tu = nuw: null

2022-08-09 14:04:47 - [TEST_STEP][PASSED] - if (tu == "02:05"): null

2022-08-09 14:04:47 - [TEST_STEP][PASSED] - delay(1): Delayed 1 second(s)

2022-08-09 14:04:48 - [MESSAGE][PASSED] - Delayed 1 second(s)

2022-08-09 14:04:48 - [TEST_STEP][PASSED] - use(groovy.time.TimeCategory, { -> ... }): null

2022-08-09 14:04:48 - [TEST_STEP][PASSED] - nuw = tuw.format("hh:mm"): null

2022-08-09 14:04:48 - [TEST_STEP][PASSED] - tu = nuw: null

2022-08-09 14:04:48 - [TEST_STEP][PASSED] - if (tu == "02:05"): null

2022-08-09 14:04:48 - [TEST_STEP][PASSED] - delay(1): Delayed 1 second(s)

2022-08-09 14:04:49 - [MESSAGE][PASSED] - Delayed 1 second(s)

2022-08-09 14:04:49 - [TEST_STEP][PASSED] - use(groovy.time.TimeCategory, { -> ... }): null

2022-08-09 14:04:49 - [TEST_STEP][PASSED] - nuw = tuw.format("hh:mm"): null

2022-08-09 14:04:49 - [TEST_STEP][PASSED] - tu = nuw: null

2022-08-09 14:04:49 - [TEST_STEP][PASSED] - if (tu == "02:05"): null

2022-08-09 14:04:49 - [TEST_STEP][PASSED] - delay(1): Delayed 1 second(s)

2022-08-09 14:04:50 - [MESSAGE][PASSED] - Delayed 1 second(s)

2022-08-09 14:04:50 - [TEST_STEP][PASSED] - use(groovy.time.TimeCategory, { -> ... }): null

2022-08-09 14:04:50 - [TEST_STEP][PASSED] - nuw = tuw.format("hh:mm"): null

2022-08-09 14:04:50 - [TEST_STEP][PASSED] - tu = nuw: null

2022-08-09 14:04:50 - [TEST_STEP][PASSED] - if (tu == "02:05"): null

2022-08-09 14:04:50 - [TEST_STEP][PASSED] - delay(1): Delayed 1 second(s)

2022-08-09 14:04:51 - [MESSAGE][PASSED] - Delayed 1 second(s)

2022-08-09 14:04:51 - [TEST_STEP][PASSED] - use(groovy.time.TimeCategory, { -> ... }): null

2022-08-09 14:04:51 - [TEST_STEP][PASSED] - nuw = tuw.format("hh:mm"): null

2022-08-09 14:04:51 - [TEST_STEP][PASSED] - tu = nuw: null

2022-08-09 14:04:51 - [TEST_STEP][PASSED] - if (tu == "02:05"): null

2022-08-09 14:04:51 - [TEST_STEP][PASSED] - delay(1): Delayed 1 second(s)

2022-08-09 14:04:52 - [MESSAGE][PASSED] - Delayed 1 second(s)

2022-08-09 14:04:52 - [TEST_STEP][PASSED] - use(groovy.time.TimeCategory, { -> ... }): null

2022-08-09 14:04:52 - [TEST_STEP][PASSED] - nuw = tuw.format("hh:mm"): null

2022-08-09 14:04:52 - [TEST_STEP][PASSED] - tu = nuw: null

2022-08-09 14:04:52 - [TEST_STEP][PASSED] - if (tu == "02:05"): null

2022-08-09 14:04:52 - [TEST_STEP][PASSED] - delay(1): Delayed 1 second(s)

2022-08-09 14:04:53 - [MESSAGE][PASSED] - Delayed 1 second(s)

2022-08-09 14:04:53 - [TEST_STEP][PASSED] - use(groovy.time.TimeCategory, { -> ... }): null

2022-08-09 14:04:53 - [TEST_STEP][PASSED] - nuw = tuw.format("hh:mm"): null

2022-08-09 14:04:53 - [TEST_STEP][PASSED] - tu = nuw: null

2022-08-09 14:04:53 - [TEST_STEP][PASSED] - if (tu == "02:05"): null

2022-08-09 14:04:53 - [TEST_STEP][PASSED] - delay(1): Delayed 1 second(s)

2022-08-09 14:04:54 - [MESSAGE][PASSED] - Delayed 1 second(s)

2022-08-09 14:04:54 - [TEST_STEP][PASSED] - use(groovy.time.TimeCategory, { -> ... }): null

2022-08-09 14:04:54 - [TEST_STEP][PASSED] - nuw = tuw.format("hh:mm"): null

2022-08-09 14:04:54 - [TEST_STEP][PASSED] - tu = nuw: null

2022-08-09 14:04:54 - [TEST_STEP][PASSED] - if (tu == "02:05"): null

2022-08-09 14:04:54 - [TEST_STEP][PASSED] - delay(1): Delayed 1 second(s)

2022-08-09 14:04:55 - [MESSAGE][PASSED] - Delayed 1 second(s)

2022-08-09 14:04:55 - [TEST_STEP][PASSED] - use(groovy.time.TimeCategory, { -> ... }): null

2022-08-09 14:04:55 - [TEST_STEP][PASSED] - nuw = tuw.format("hh:mm"): null

2022-08-09 14:04:55 - [TEST_STEP][PASSED] - tu = nuw: null

2022-08-09 14:04:55 - [TEST_STEP][PASSED] - if (tu == "02:05"): null

2022-08-09 14:04:55 - [TEST_STEP][PASSED] - delay(1): Delayed 1 second(s)

2022-08-09 14:04:56 - [MESSAGE][PASSED] - Delayed 1 second(s)

2022-08-09 14:04:56 - [TEST_STEP][PASSED] - use(groovy.time.TimeCategory, { -> ... }): null

2022-08-09 14:04:56 - [TEST_STEP][PASSED] - nuw = tuw.format("hh:mm"): null

2022-08-09 14:04:56 - [TEST_STEP][PASSED] - tu = nuw: null

2022-08-09 14:04:56 - [TEST_STEP][PASSED] - if (tu == "02:05"): null

2022-08-09 14:04:56 - [TEST_STEP][PASSED] - delay(1): Delayed 1 second(s)

2022-08-09 14:04:57 - [MESSAGE][PASSED] - Delayed 1 second(s)

2022-08-09 14:04:57 - [TEST_STEP][PASSED] - use(groovy.time.TimeCategory, { -> ... }): null

2022-08-09 14:04:57 - [TEST_STEP][PASSED] - nuw = tuw.format("hh:mm"): null

2022-08-09 14:04:57 - [TEST_STEP][PASSED] - tu = nuw: null

2022-08-09 14:04:57 - [TEST_STEP][PASSED] - if (tu == "02:05"): null

2022-08-09 14:04:57 - [TEST_STEP][PASSED] - delay(1): Delayed 1 second(s)

2022-08-09 14:04:58 - [MESSAGE][PASSED] - Delayed 1 second(s)

2022-08-09 14:04:58 - [TEST_STEP][PASSED] - use(groovy.time.TimeCategory, { -> ... }): null

2022-08-09 14:04:58 - [TEST_STEP][PASSED] - nuw = tuw.format("hh:mm"): null

2022-08-09 14:04:58 - [TEST_STEP][PASSED] - tu = nuw: null

2022-08-09 14:04:58 - [TEST_STEP][PASSED] - if (tu == "02:05"): null

2022-08-09 14:04:58 - [TEST_STEP][PASSED] - delay(1): Delayed 1 second(s)

2022-08-09 14:04:59 - [MESSAGE][PASSED] - Delayed 1 second(s)

2022-08-09 14:04:59 - [TEST_STEP][PASSED] - use(groovy.time.TimeCategory, { -> ... }): null

2022-08-09 14:04:59 - [TEST_STEP][PASSED] - nuw = tuw.format("hh:mm"): null

2022-08-09 14:04:59 - [TEST_STEP][PASSED] - tu = nuw: null

2022-08-09 14:04:59 - [TEST_STEP][PASSED] - if (tu == "02:05"): null

2022-08-09 14:04:59 - [TEST_STEP][PASSED] - delay(1): Delayed 1 second(s)

2022-08-09 14:05:00 - [MESSAGE][PASSED] - Delayed 1 second(s)

2022-08-09 14:05:00 - [TEST_STEP][PASSED] - use(groovy.time.TimeCategory, { -> ... }): null

2022-08-09 14:05:00 - [TEST_STEP][PASSED] - nuw = tuw.format("hh:mm"): null

2022-08-09 14:05:00 - [TEST_STEP][PASSED] - tu = nuw: null

2022-08-09 14:05:00 - [TEST_STEP][PASSED] - if (tu == "02:05"): null

2022-08-09 14:05:00 - [TEST_STEP][PASSED] - break: null

2022-08-09 14:05:00 - [TEST_STEP][PASSED] - click(findTestObject("Object Repository/Page_The Exotics Club  Jump Trade Profit Alerts/button_Yes, Give Me LIFETIME Access to Jump_54a76a")): Object: 'Object Repository/Page_The Exotics Club  Jump Trade Profit Alerts/button_Yes, Give Me LIFETIME Access to Jump_54a76a' is clicked on

2022-08-09 14:05:24 - [MESSAGE][PASSED] - Object: 'Object Repository/Page_The Exotics Club  Jump Trade Profit Alerts/button_Yes, Give Me LIFETIME Access to Jump_54a76a' is clicked on

2022-08-09 14:05:25 - [TEST_STEP][PASSED] - closeBrowser(): Browser is closed

2022-08-09 14:05:30 - [MESSAGE][PASSED] - Browser is closed]]></system-out>
         <system-err><![CDATA[]]></system-err>
      </testcase>
      <system-out><![CDATA[2022-08-09 13:39:35 - [TEST_SUITE][PASSED] - ts8: Test Cases/tc8]]></system-out>
      <system-err><![CDATA[]]></system-err>
   </testsuite>
</testsuites>
